<?xml version="1.0" encoding="UTF-8"?>
<testng-results skipped="0" failed="4" ignored="0" total="30" passed="26">
  <reporter-output>
  </reporter-output>
  <suite name="Suite" duration-ms="678466" started-at="2023-04-28T19:52:36 IST" finished-at="2023-04-28T20:03:55 IST">
    <groups>
      <group name="regression">
        <method signature="ManageOfferCodeTest.verifyNewOfferCodeAddedIsDisplayedInListOfferCodeTable(java.lang.String,java.lang.String)[pri:0, instance:com.sevenRMartSuperMarketTestScripts.ManageOfferCodeTest@19d37183]" name="verifyNewOfferCodeAddedIsDisplayedInListOfferCodeTable" class="com.sevenRMartSuperMarketTestScripts.ManageOfferCodeTest"/>
        <method signature="ManageOfferCodeTest.verifyNewOfferCodeCanBeAddedByEnteringOfferInformation(java.lang.String,java.lang.String)[pri:0, instance:com.sevenRMartSuperMarketTestScripts.ManageOfferCodeTest@19d37183]" name="verifyNewOfferCodeCanBeAddedByEnteringOfferInformation" class="com.sevenRMartSuperMarketTestScripts.ManageOfferCodeTest"/>
        <method signature="ManagePagesTest.serachPageIsPresentInListPagesTable(java.lang.String,java.lang.String)[pri:0, instance:com.sevenRMartSuperMarketTestScripts.ManagePagesTest@1a0dcaa]" name="serachPageIsPresentInListPagesTable" class="com.sevenRMartSuperMarketTestScripts.ManagePagesTest"/>
        <method signature="ManagePaymentMethodsTest.managePaymentMethodsAction(java.lang.String,java.lang.String)[pri:0, instance:com.sevenRMartSuperMarketTestScripts.ManagePaymentMethodsTest@45dd4eda]" name="managePaymentMethodsAction" class="com.sevenRMartSuperMarketTestScripts.ManagePaymentMethodsTest"/>
        <method signature="ManagePaymentMethodsTest.managePaymentMethodsType(java.lang.String,java.lang.String)[pri:0, instance:com.sevenRMartSuperMarketTestScripts.ManagePaymentMethodsTest@45dd4eda]" name="managePaymentMethodsType" class="com.sevenRMartSuperMarketTestScripts.ManagePaymentMethodsTest"/>
        <method signature="ManagePaymentMethodsTest.navigateBackToManagePayment(java.lang.String,java.lang.String)[pri:0, instance:com.sevenRMartSuperMarketTestScripts.ManagePaymentMethodsTest@45dd4eda]" name="navigateBackToManagePayment" class="com.sevenRMartSuperMarketTestScripts.ManagePaymentMethodsTest"/>
        <method signature="ManageProductsTest.manageProductsAddProductTypeRadioButton(java.lang.String,java.lang.String)[pri:0, instance:com.sevenRMartSuperMarketTestScripts.ManageProductsTest@327b636c]" name="manageProductsAddProductTypeRadioButton" class="com.sevenRMartSuperMarketTestScripts.ManageProductsTest"/>
        <method signature="ManageProductsTest.manageProductsfaker(java.lang.String,java.lang.String)[pri:0, instance:com.sevenRMartSuperMarketTestScripts.ManageProductsTest@327b636c]" name="manageProductsfaker" class="com.sevenRMartSuperMarketTestScripts.ManageProductsTest"/>
      </group> <!-- regression -->
    </groups>
    <test name="Test" duration-ms="678466" started-at="2023-04-28T19:52:36 IST" finished-at="2023-04-28T20:03:55 IST">
      <class name="com.sevenRMartSuperMarketTestScripts.ManagePaymentMethodsTest">
        <test-method status="PASS" signature="initialiseBrowser(java.lang.String)[pri:0, instance:com.sevenRMartSuperMarketTestScripts.ManagePaymentMethodsTest@45dd4eda]" name="initialiseBrowser" is-config="true" duration-ms="17861" started-at="2023-04-28T19:57:43 IST" finished-at="2023-04-28T19:58:01 IST">
          <params>
            <param index="0">
              <value>
                <![CDATA[chrome]]>
              </value>
            </param>
          </params>
          <reporter-output>
          </reporter-output>
        </test-method> <!-- initialiseBrowser -->
        <test-method status="PASS" signature="managePaymentMethodsAction(java.lang.String,java.lang.String)[pri:0, instance:com.sevenRMartSuperMarketTestScripts.ManagePaymentMethodsTest@45dd4eda]" name="managePaymentMethodsAction" duration-ms="3630" started-at="2023-04-28T19:58:01 IST" finished-at="2023-04-28T19:58:04 IST">
          <params>
            <param index="0">
              <value>
                <![CDATA[admin]]>
              </value>
            </param>
            <param index="1">
              <value>
                <![CDATA[admin]]>
              </value>
            </param>
          </params>
          <reporter-output>
          </reporter-output>
        </test-method> <!-- managePaymentMethodsAction -->
        <test-method status="PASS" signature="browserQuit(org.testng.ITestResult)[pri:0, instance:com.sevenRMartSuperMarketTestScripts.ManagePaymentMethodsTest@45dd4eda]" name="browserQuit" is-config="true" duration-ms="884" started-at="2023-04-28T19:58:04 IST" finished-at="2023-04-28T19:58:05 IST">
          <params>
            <param index="0">
              <value>
                <![CDATA[[TestResult name=managePaymentMethodsAction status=SUCCESS method=ManagePaymentMethodsTest.managePaymentMethodsAction(java.lang.String,java.lang.String)[pri:0, instance:com.sevenRMartSuperMarketTestScripts.ManagePaymentMethodsTest@45dd4eda] output={null}]]]>
              </value>
            </param>
          </params>
          <reporter-output>
          </reporter-output>
        </test-method> <!-- browserQuit -->
        <test-method status="PASS" signature="initialiseBrowser(java.lang.String)[pri:0, instance:com.sevenRMartSuperMarketTestScripts.ManagePaymentMethodsTest@45dd4eda]" name="initialiseBrowser" is-config="true" duration-ms="18763" started-at="2023-04-28T19:58:05 IST" finished-at="2023-04-28T19:58:24 IST">
          <params>
            <param index="0">
              <value>
                <![CDATA[chrome]]>
              </value>
            </param>
          </params>
          <reporter-output>
          </reporter-output>
        </test-method> <!-- initialiseBrowser -->
        <test-method status="PASS" signature="managePaymentMethodsType(java.lang.String,java.lang.String)[pri:0, instance:com.sevenRMartSuperMarketTestScripts.ManagePaymentMethodsTest@45dd4eda]" name="managePaymentMethodsType" duration-ms="2159" started-at="2023-04-28T19:58:24 IST" finished-at="2023-04-28T19:58:26 IST">
          <params>
            <param index="0">
              <value>
                <![CDATA[admin]]>
              </value>
            </param>
            <param index="1">
              <value>
                <![CDATA[admin]]>
              </value>
            </param>
          </params>
          <reporter-output>
          </reporter-output>
        </test-method> <!-- managePaymentMethodsType -->
        <test-method status="PASS" signature="browserQuit(org.testng.ITestResult)[pri:0, instance:com.sevenRMartSuperMarketTestScripts.ManagePaymentMethodsTest@45dd4eda]" name="browserQuit" is-config="true" duration-ms="879" started-at="2023-04-28T19:58:26 IST" finished-at="2023-04-28T19:58:27 IST">
          <params>
            <param index="0">
              <value>
                <![CDATA[[TestResult name=managePaymentMethodsType status=SUCCESS method=ManagePaymentMethodsTest.managePaymentMethodsType(java.lang.String,java.lang.String)[pri:0, instance:com.sevenRMartSuperMarketTestScripts.ManagePaymentMethodsTest@45dd4eda] output={null}]]]>
              </value>
            </param>
          </params>
          <reporter-output>
          </reporter-output>
        </test-method> <!-- browserQuit -->
        <test-method status="PASS" signature="initialiseBrowser(java.lang.String)[pri:0, instance:com.sevenRMartSuperMarketTestScripts.ManagePaymentMethodsTest@45dd4eda]" name="initialiseBrowser" is-config="true" duration-ms="18881" started-at="2023-04-28T19:58:27 IST" finished-at="2023-04-28T19:58:46 IST">
          <params>
            <param index="0">
              <value>
                <![CDATA[chrome]]>
              </value>
            </param>
          </params>
          <reporter-output>
          </reporter-output>
        </test-method> <!-- initialiseBrowser -->
        <test-method status="PASS" signature="navigateBackToManagePayment(java.lang.String,java.lang.String)[pri:0, instance:com.sevenRMartSuperMarketTestScripts.ManagePaymentMethodsTest@45dd4eda]" name="navigateBackToManagePayment" duration-ms="3991" started-at="2023-04-28T19:58:46 IST" finished-at="2023-04-28T19:58:50 IST">
          <params>
            <param index="0">
              <value>
                <![CDATA[admin]]>
              </value>
            </param>
            <param index="1">
              <value>
                <![CDATA[admin]]>
              </value>
            </param>
          </params>
          <reporter-output>
          </reporter-output>
        </test-method> <!-- navigateBackToManagePayment -->
        <test-method status="PASS" signature="browserQuit(org.testng.ITestResult)[pri:0, instance:com.sevenRMartSuperMarketTestScripts.ManagePaymentMethodsTest@45dd4eda]" name="browserQuit" is-config="true" duration-ms="909" started-at="2023-04-28T19:58:50 IST" finished-at="2023-04-28T19:58:51 IST">
          <params>
            <param index="0">
              <value>
                <![CDATA[[TestResult name=navigateBackToManagePayment status=SUCCESS method=ManagePaymentMethodsTest.navigateBackToManagePayment(java.lang.String,java.lang.String)[pri:0, instance:com.sevenRMartSuperMarketTestScripts.ManagePaymentMethodsTest@45dd4eda] output={null}]]]>
              </value>
            </param>
          </params>
          <reporter-output>
          </reporter-output>
        </test-method> <!-- browserQuit -->
      </class> <!-- com.sevenRMartSuperMarketTestScripts.ManagePaymentMethodsTest -->
      <class name="com.sevenRMartSuperMarketTestScripts.ManagePagesTest">
        <test-method status="PASS" signature="initialiseBrowser(java.lang.String)[pri:0, instance:com.sevenRMartSuperMarketTestScripts.ManagePagesTest@1a0dcaa]" name="initialiseBrowser" is-config="true" duration-ms="20422" started-at="2023-04-28T20:03:31 IST" finished-at="2023-04-28T20:03:52 IST">
          <params>
            <param index="0">
              <value>
                <![CDATA[chrome]]>
              </value>
            </param>
          </params>
          <reporter-output>
          </reporter-output>
        </test-method> <!-- initialiseBrowser -->
        <test-method status="FAIL" signature="serachPageIsPresentInListPagesTable(java.lang.String,java.lang.String)[pri:0, instance:com.sevenRMartSuperMarketTestScripts.ManagePagesTest@1a0dcaa]" name="serachPageIsPresentInListPagesTable" duration-ms="1280" started-at="2023-04-28T20:03:52 IST" finished-at="2023-04-28T20:03:53 IST">
          <params>
            <param index="0">
              <value>
                <![CDATA[admin]]>
              </value>
            </param>
            <param index="1">
              <value>
                <![CDATA[admin]]>
              </value>
            </param>
          </params>
          <exception class="org.openqa.selenium.ElementNotInteractableException">
            <message>
              <![CDATA[element not interactable
  (Session info: chrome=112.0.5615.138)
Build info: version: '4.8.3', revision: 'e5e76298c3'
System info: os.name: 'Windows 10', os.arch: 'amd64', os.version: '10.0', java.version: '1.8.0_202'
Driver info: org.openqa.selenium.chrome.ChromeDriver
Command: [12181ceebeb17b9ee551c50a0c71df26, clickElement {id=01e8e323-3bae-4d49-9bff-8640ea0202b0}]
Capabilities {acceptInsecureCerts: false, browserName: chrome, browserVersion: 112.0.5615.138, chrome: {chromedriverVersion: 112.0.5615.49 (bd2a7bcb881c..., userDataDir: C:\Users\SHALU\AppData\Loca...}, goog:chromeOptions: {debuggerAddress: localhost:63968}, networkConnectionEnabled: false, pageLoadStrategy: normal, platformName: WINDOWS, proxy: Proxy(), se:cdp: ws://localhost:63968/devtoo..., se:cdpVersion: 112.0.5615.138, setWindowRect: true, strictFileInteractability: false, timeouts: {implicit: 0, pageLoad: 300000, script: 30000}, unhandledPromptBehavior: dismiss and notify, webauthn:extension:credBlob: true, webauthn:extension:largeBlob: true, webauthn:extension:minPinLength: true, webauthn:extension:prf: true, webauthn:virtualAuthenticators: true}
Element: [[ChromeDriver: chrome on WINDOWS (12181ceebeb17b9ee551c50a0c71df26)] -> xpath: //a[@href='https://groceryapp.uniqassosiates.com/admin/list-page']]
Session ID: 12181ceebeb17b9ee551c50a0c71df26]]>
            </message>
            <full-stacktrace>
              <![CDATA[org.openqa.selenium.ElementNotInteractableException: element not interactable
  (Session info: chrome=112.0.5615.138)
Build info: version: '4.8.3', revision: 'e5e76298c3'
System info: os.name: 'Windows 10', os.arch: 'amd64', os.version: '10.0', java.version: '1.8.0_202'
Driver info: org.openqa.selenium.chrome.ChromeDriver
Command: [12181ceebeb17b9ee551c50a0c71df26, clickElement {id=01e8e323-3bae-4d49-9bff-8640ea0202b0}]
Capabilities {acceptInsecureCerts: false, browserName: chrome, browserVersion: 112.0.5615.138, chrome: {chromedriverVersion: 112.0.5615.49 (bd2a7bcb881c..., userDataDir: C:\Users\SHALU\AppData\Loca...}, goog:chromeOptions: {debuggerAddress: localhost:63968}, networkConnectionEnabled: false, pageLoadStrategy: normal, platformName: WINDOWS, proxy: Proxy(), se:cdp: ws://localhost:63968/devtoo..., se:cdpVersion: 112.0.5615.138, setWindowRect: true, strictFileInteractability: false, timeouts: {implicit: 0, pageLoad: 300000, script: 30000}, unhandledPromptBehavior: dismiss and notify, webauthn:extension:credBlob: true, webauthn:extension:largeBlob: true, webauthn:extension:minPinLength: true, webauthn:extension:prf: true, webauthn:virtualAuthenticators: true}
Element: [[ChromeDriver: chrome on WINDOWS (12181ceebeb17b9ee551c50a0c71df26)] -> xpath: //a[@href='https://groceryapp.uniqassosiates.com/admin/list-page']]
Session ID: 12181ceebeb17b9ee551c50a0c71df26
at sun.reflect.NativeConstructorAccessorImpl.newInstance0(Native Method)
at sun.reflect.NativeConstructorAccessorImpl.newInstance(NativeConstructorAccessorImpl.java:62)
at sun.reflect.DelegatingConstructorAccessorImpl.newInstance(DelegatingConstructorAccessorImpl.java:45)
at java.lang.reflect.Constructor.newInstance(Constructor.java:423)
at org.openqa.selenium.remote.codec.w3c.W3CHttpResponseCodec.createException(W3CHttpResponseCodec.java:200)
at org.openqa.selenium.remote.codec.w3c.W3CHttpResponseCodec.decode(W3CHttpResponseCodec.java:133)
at org.openqa.selenium.remote.codec.w3c.W3CHttpResponseCodec.decode(W3CHttpResponseCodec.java:53)
at org.openqa.selenium.remote.HttpCommandExecutor.execute(HttpCommandExecutor.java:193)
at org.openqa.selenium.remote.service.DriverCommandExecutor.invokeExecute(DriverCommandExecutor.java:183)
at org.openqa.selenium.remote.service.DriverCommandExecutor.execute(DriverCommandExecutor.java:158)
at org.openqa.selenium.remote.RemoteWebDriver.execute(RemoteWebDriver.java:543)
at org.openqa.selenium.remote.RemoteWebElement.execute(RemoteWebElement.java:257)
at org.openqa.selenium.remote.RemoteWebElement.click(RemoteWebElement.java:78)
at sun.reflect.GeneratedMethodAccessor2.invoke(Unknown Source)
at sun.reflect.DelegatingMethodAccessorImpl.invoke(DelegatingMethodAccessorImpl.java:43)
at java.lang.reflect.Method.invoke(Method.java:498)
at org.openqa.selenium.support.pagefactory.internal.LocatingElementHandler.invoke(LocatingElementHandler.java:52)
at com.sun.proxy.$Proxy14.click(Unknown Source)
at com.sevenRMartSuperMarketPages.ManagePagesPage.clickOnMoreInfo(ManagePagesPage.java:30)
at com.sevenRMartSuperMarketTestScripts.ManagePagesTest.serachPageIsPresentInListPagesTable(ManagePagesTest.java:28)
at sun.reflect.NativeMethodAccessorImpl.invoke0(Native Method)
at sun.reflect.NativeMethodAccessorImpl.invoke(NativeMethodAccessorImpl.java:62)
at sun.reflect.DelegatingMethodAccessorImpl.invoke(DelegatingMethodAccessorImpl.java:43)
at java.lang.reflect.Method.invoke(Method.java:498)
at org.testng.internal.invokers.MethodInvocationHelper.invokeMethod(MethodInvocationHelper.java:135)
at org.testng.internal.invokers.TestInvoker.invokeMethod(TestInvoker.java:673)
at org.testng.internal.invokers.TestInvoker.invokeTestMethod(TestInvoker.java:220)
at org.testng.internal.invokers.MethodRunner.runInSequence(MethodRunner.java:50)
at org.testng.internal.invokers.TestInvoker$MethodInvocationAgent.invoke(TestInvoker.java:945)
at org.testng.internal.invokers.TestInvoker.invokeTestMethods(TestInvoker.java:193)
at org.testng.internal.invokers.TestMethodWorker.invokeTestMethods(TestMethodWorker.java:146)
at org.testng.internal.invokers.TestMethodWorker.run(TestMethodWorker.java:128)
at java.util.ArrayList.forEach(ArrayList.java:1257)
at org.testng.TestRunner.privateRun(TestRunner.java:808)
at org.testng.TestRunner.run(TestRunner.java:603)
at org.testng.SuiteRunner.runTest(SuiteRunner.java:429)
at org.testng.SuiteRunner.runSequentially(SuiteRunner.java:423)
at org.testng.SuiteRunner.privateRun(SuiteRunner.java:383)
at org.testng.SuiteRunner.run(SuiteRunner.java:326)
at org.testng.SuiteRunnerWorker.runSuite(SuiteRunnerWorker.java:52)
at org.testng.SuiteRunnerWorker.run(SuiteRunnerWorker.java:95)
at org.testng.TestNG.runSuitesSequentially(TestNG.java:1249)
at org.testng.TestNG.runSuitesLocally(TestNG.java:1169)
at org.testng.TestNG.runSuites(TestNG.java:1092)
at org.testng.TestNG.run(TestNG.java:1060)
at org.apache.maven.surefire.testng.TestNGExecutor.run(TestNGExecutor.java:284)
at org.apache.maven.surefire.testng.TestNGXmlTestSuite.execute(TestNGXmlTestSuite.java:75)
at org.apache.maven.surefire.testng.TestNGProvider.invoke(TestNGProvider.java:119)
at org.apache.maven.surefire.booter.ForkedBooter.runSuitesInProcess(ForkedBooter.java:428)
at org.apache.maven.surefire.booter.ForkedBooter.execute(ForkedBooter.java:162)
at org.apache.maven.surefire.booter.ForkedBooter.run(ForkedBooter.java:562)
at org.apache.maven.surefire.booter.ForkedBooter.main(ForkedBooter.java:548)
]]>
            </full-stacktrace>
          </exception> <!-- org.openqa.selenium.ElementNotInteractableException -->
          <reporter-output>
          </reporter-output>
        </test-method> <!-- serachPageIsPresentInListPagesTable -->
        <test-method status="PASS" signature="browserQuit(org.testng.ITestResult)[pri:0, instance:com.sevenRMartSuperMarketTestScripts.ManagePagesTest@1a0dcaa]" name="browserQuit" is-config="true" duration-ms="1904" started-at="2023-04-28T20:03:53 IST" finished-at="2023-04-28T20:03:55 IST">
          <params>
            <param index="0">
              <value>
                <![CDATA[[TestResult name=serachPageIsPresentInListPagesTable status=FAILURE method=ManagePagesTest.serachPageIsPresentInListPagesTable(java.lang.String,java.lang.String)[pri:0, instance:com.sevenRMartSuperMarketTestScripts.ManagePagesTest@1a0dcaa] output={null}]]]>
              </value>
            </param>
          </params>
          <reporter-output>
          </reporter-output>
        </test-method> <!-- browserQuit -->
      </class> <!-- com.sevenRMartSuperMarketTestScripts.ManagePagesTest -->
      <class name="com.sevenRMartSuperMarketTestScripts.ManageOrdersTest">
        <test-method status="PASS" signature="initialiseBrowser(java.lang.String)[pri:0, instance:com.sevenRMartSuperMarketTestScripts.ManageOrdersTest@7c417213]" name="initialiseBrowser" is-config="true" duration-ms="17089" started-at="2023-04-28T19:54:01 IST" finished-at="2023-04-28T19:54:18 IST">
          <params>
            <param index="0">
              <value>
                <![CDATA[chrome]]>
              </value>
            </param>
          </params>
          <reporter-output>
          </reporter-output>
        </test-method> <!-- initialiseBrowser -->
        <test-method status="PASS" signature="verifyChangeStausUpdatedIsUpdatedInListOrderTable(java.lang.String,java.lang.String)[pri:0, instance:com.sevenRMartSuperMarketTestScripts.ManageOrdersTest@7c417213]" name="verifyChangeStausUpdatedIsUpdatedInListOrderTable" duration-ms="2943" started-at="2023-04-28T19:54:18 IST" finished-at="2023-04-28T19:54:21 IST">
          <params>
            <param index="0">
              <value>
                <![CDATA[admin]]>
              </value>
            </param>
            <param index="1">
              <value>
                <![CDATA[admin]]>
              </value>
            </param>
          </params>
          <reporter-output>
          </reporter-output>
        </test-method> <!-- verifyChangeStausUpdatedIsUpdatedInListOrderTable -->
        <test-method status="PASS" signature="browserQuit(org.testng.ITestResult)[pri:0, instance:com.sevenRMartSuperMarketTestScripts.ManageOrdersTest@7c417213]" name="browserQuit" is-config="true" duration-ms="1001" started-at="2023-04-28T19:54:21 IST" finished-at="2023-04-28T19:54:22 IST">
          <params>
            <param index="0">
              <value>
                <![CDATA[[TestResult name=verifyChangeStausUpdatedIsUpdatedInListOrderTable status=SUCCESS method=ManageOrdersTest.verifyChangeStausUpdatedIsUpdatedInListOrderTable(java.lang.String,java.lang.String)[pri:0, instance:com.sevenRMartSuperMarketTestScripts.ManageOrdersTest@7c417213] output={null}]]]>
              </value>
            </param>
          </params>
          <reporter-output>
          </reporter-output>
        </test-method> <!-- browserQuit -->
        <test-method status="PASS" signature="initialiseBrowser(java.lang.String)[pri:0, instance:com.sevenRMartSuperMarketTestScripts.ManageOrdersTest@7c417213]" name="initialiseBrowser" is-config="true" duration-ms="18019" started-at="2023-04-28T19:54:22 IST" finished-at="2023-04-28T19:54:40 IST">
          <params>
            <param index="0">
              <value>
                <![CDATA[chrome]]>
              </value>
            </param>
          </params>
          <reporter-output>
          </reporter-output>
        </test-method> <!-- initialiseBrowser -->
        <test-method status="FAIL" signature="verifyUsersCanAbleToDeleteOrderDetailsFromListOrderTable(java.lang.String,java.lang.String)[pri:0, instance:com.sevenRMartSuperMarketTestScripts.ManageOrdersTest@7c417213]" name="verifyUsersCanAbleToDeleteOrderDetailsFromListOrderTable" duration-ms="2049" started-at="2023-04-28T19:54:40 IST" finished-at="2023-04-28T19:54:42 IST">
          <params>
            <param index="0">
              <value>
                <![CDATA[admin]]>
              </value>
            </param>
            <param index="1">
              <value>
                <![CDATA[admin]]>
              </value>
            </param>
          </params>
          <exception class="org.openqa.selenium.NoSuchElementException">
            <message>
              <![CDATA[no such element: Unable to locate element: {"method":"xpath","selector":"//a[@href='https://groceryapp.uniqassosiates.com/admin/Order/delete?del=696&page_ad=1']"}
  (Session info: chrome=112.0.5615.138)
For documentation on this error, please visit: https://selenium.dev/exceptions/#no_such_element
Build info: version: '4.8.3', revision: 'e5e76298c3'
System info: os.name: 'Windows 10', os.arch: 'amd64', os.version: '10.0', java.version: '1.8.0_202'
Driver info: org.openqa.selenium.chrome.ChromeDriver
Command: [6bab8ec03594a938a32bd151515545f1, findElement {using=xpath, value=//a[@href='https://groceryapp.uniqassosiates.com/admin/Order/delete?del=696&page_ad=1']}]
Capabilities {acceptInsecureCerts: false, browserName: chrome, browserVersion: 112.0.5615.138, chrome: {chromedriverVersion: 112.0.5615.49 (bd2a7bcb881c..., userDataDir: C:\Users\SHALU\AppData\Loca...}, goog:chromeOptions: {debuggerAddress: localhost:62642}, networkConnectionEnabled: false, pageLoadStrategy: normal, platformName: WINDOWS, proxy: Proxy(), se:cdp: ws://localhost:62642/devtoo..., se:cdpVersion: 112.0.5615.138, setWindowRect: true, strictFileInteractability: false, timeouts: {implicit: 0, pageLoad: 300000, script: 30000}, unhandledPromptBehavior: dismiss and notify, webauthn:extension:credBlob: true, webauthn:extension:largeBlob: true, webauthn:extension:minPinLength: true, webauthn:extension:prf: true, webauthn:virtualAuthenticators: true}
Session ID: 6bab8ec03594a938a32bd151515545f1]]>
            </message>
            <full-stacktrace>
              <![CDATA[org.openqa.selenium.NoSuchElementException: no such element: Unable to locate element: {"method":"xpath","selector":"//a[@href='https://groceryapp.uniqassosiates.com/admin/Order/delete?del=696&page_ad=1']"}
  (Session info: chrome=112.0.5615.138)
For documentation on this error, please visit: https://selenium.dev/exceptions/#no_such_element
Build info: version: '4.8.3', revision: 'e5e76298c3'
System info: os.name: 'Windows 10', os.arch: 'amd64', os.version: '10.0', java.version: '1.8.0_202'
Driver info: org.openqa.selenium.chrome.ChromeDriver
Command: [6bab8ec03594a938a32bd151515545f1, findElement {using=xpath, value=//a[@href='https://groceryapp.uniqassosiates.com/admin/Order/delete?del=696&page_ad=1']}]
Capabilities {acceptInsecureCerts: false, browserName: chrome, browserVersion: 112.0.5615.138, chrome: {chromedriverVersion: 112.0.5615.49 (bd2a7bcb881c..., userDataDir: C:\Users\SHALU\AppData\Loca...}, goog:chromeOptions: {debuggerAddress: localhost:62642}, networkConnectionEnabled: false, pageLoadStrategy: normal, platformName: WINDOWS, proxy: Proxy(), se:cdp: ws://localhost:62642/devtoo..., se:cdpVersion: 112.0.5615.138, setWindowRect: true, strictFileInteractability: false, timeouts: {implicit: 0, pageLoad: 300000, script: 30000}, unhandledPromptBehavior: dismiss and notify, webauthn:extension:credBlob: true, webauthn:extension:largeBlob: true, webauthn:extension:minPinLength: true, webauthn:extension:prf: true, webauthn:virtualAuthenticators: true}
Session ID: 6bab8ec03594a938a32bd151515545f1
at sun.reflect.NativeConstructorAccessorImpl.newInstance0(Native Method)
at sun.reflect.NativeConstructorAccessorImpl.newInstance(NativeConstructorAccessorImpl.java:62)
at sun.reflect.DelegatingConstructorAccessorImpl.newInstance(DelegatingConstructorAccessorImpl.java:45)
at java.lang.reflect.Constructor.newInstance(Constructor.java:423)
at org.openqa.selenium.remote.codec.w3c.W3CHttpResponseCodec.createException(W3CHttpResponseCodec.java:200)
at org.openqa.selenium.remote.codec.w3c.W3CHttpResponseCodec.decode(W3CHttpResponseCodec.java:133)
at org.openqa.selenium.remote.codec.w3c.W3CHttpResponseCodec.decode(W3CHttpResponseCodec.java:53)
at org.openqa.selenium.remote.HttpCommandExecutor.execute(HttpCommandExecutor.java:193)
at org.openqa.selenium.remote.service.DriverCommandExecutor.invokeExecute(DriverCommandExecutor.java:183)
at org.openqa.selenium.remote.service.DriverCommandExecutor.execute(DriverCommandExecutor.java:158)
at org.openqa.selenium.remote.RemoteWebDriver.execute(RemoteWebDriver.java:543)
at org.openqa.selenium.remote.ElementLocation$ElementFinder$2.findElement(ElementLocation.java:162)
at org.openqa.selenium.remote.ElementLocation.findElement(ElementLocation.java:60)
at org.openqa.selenium.remote.RemoteWebDriver.findElement(RemoteWebDriver.java:352)
at org.openqa.selenium.remote.RemoteWebDriver.findElement(RemoteWebDriver.java:344)
at org.openqa.selenium.support.pagefactory.DefaultElementLocator.findElement(DefaultElementLocator.java:70)
at org.openqa.selenium.support.pagefactory.internal.LocatingElementHandler.invoke(LocatingElementHandler.java:39)
at com.sun.proxy.$Proxy14.click(Unknown Source)
at com.sevenRMartSuperMarketPages.ManageOrdersPage.ClickOndeleteButtonOrderDetailsInListOrderTable(ManageOrdersPage.java:106)
at com.sevenRMartSuperMarketTestScripts.ManageOrdersTest.verifyUsersCanAbleToDeleteOrderDetailsFromListOrderTable(ManageOrdersTest.java:68)
at sun.reflect.NativeMethodAccessorImpl.invoke0(Native Method)
at sun.reflect.NativeMethodAccessorImpl.invoke(NativeMethodAccessorImpl.java:62)
at sun.reflect.DelegatingMethodAccessorImpl.invoke(DelegatingMethodAccessorImpl.java:43)
at java.lang.reflect.Method.invoke(Method.java:498)
at org.testng.internal.invokers.MethodInvocationHelper.invokeMethod(MethodInvocationHelper.java:135)
at org.testng.internal.invokers.TestInvoker.invokeMethod(TestInvoker.java:673)
at org.testng.internal.invokers.TestInvoker.invokeTestMethod(TestInvoker.java:220)
at org.testng.internal.invokers.MethodRunner.runInSequence(MethodRunner.java:50)
at org.testng.internal.invokers.TestInvoker$MethodInvocationAgent.invoke(TestInvoker.java:945)
at org.testng.internal.invokers.TestInvoker.invokeTestMethods(TestInvoker.java:193)
at org.testng.internal.invokers.TestMethodWorker.invokeTestMethods(TestMethodWorker.java:146)
at org.testng.internal.invokers.TestMethodWorker.run(TestMethodWorker.java:128)
at java.util.ArrayList.forEach(ArrayList.java:1257)
at org.testng.TestRunner.privateRun(TestRunner.java:808)
at org.testng.TestRunner.run(TestRunner.java:603)
at org.testng.SuiteRunner.runTest(SuiteRunner.java:429)
at org.testng.SuiteRunner.runSequentially(SuiteRunner.java:423)
at org.testng.SuiteRunner.privateRun(SuiteRunner.java:383)
at org.testng.SuiteRunner.run(SuiteRunner.java:326)
at org.testng.SuiteRunnerWorker.runSuite(SuiteRunnerWorker.java:52)
at org.testng.SuiteRunnerWorker.run(SuiteRunnerWorker.java:95)
at org.testng.TestNG.runSuitesSequentially(TestNG.java:1249)
at org.testng.TestNG.runSuitesLocally(TestNG.java:1169)
at org.testng.TestNG.runSuites(TestNG.java:1092)
at org.testng.TestNG.run(TestNG.java:1060)
at org.apache.maven.surefire.testng.TestNGExecutor.run(TestNGExecutor.java:284)
at org.apache.maven.surefire.testng.TestNGXmlTestSuite.execute(TestNGXmlTestSuite.java:75)
at org.apache.maven.surefire.testng.TestNGProvider.invoke(TestNGProvider.java:119)
at org.apache.maven.surefire.booter.ForkedBooter.runSuitesInProcess(ForkedBooter.java:428)
at org.apache.maven.surefire.booter.ForkedBooter.execute(ForkedBooter.java:162)
at org.apache.maven.surefire.booter.ForkedBooter.run(ForkedBooter.java:562)
at org.apache.maven.surefire.booter.ForkedBooter.main(ForkedBooter.java:548)
]]>
            </full-stacktrace>
          </exception> <!-- org.openqa.selenium.NoSuchElementException -->
          <reporter-output>
          </reporter-output>
        </test-method> <!-- verifyUsersCanAbleToDeleteOrderDetailsFromListOrderTable -->
        <test-method status="PASS" signature="browserQuit(org.testng.ITestResult)[pri:0, instance:com.sevenRMartSuperMarketTestScripts.ManageOrdersTest@7c417213]" name="browserQuit" is-config="true" duration-ms="1036" started-at="2023-04-28T19:54:42 IST" finished-at="2023-04-28T19:54:43 IST">
          <params>
            <param index="0">
              <value>
                <![CDATA[[TestResult name=verifyUsersCanAbleToDeleteOrderDetailsFromListOrderTable status=FAILURE method=ManageOrdersTest.verifyUsersCanAbleToDeleteOrderDetailsFromListOrderTable(java.lang.String,java.lang.String)[pri:0, instance:com.sevenRMartSuperMarketTestScripts.ManageOrdersTest@7c417213] output={null}]]]>
              </value>
            </param>
          </params>
          <reporter-output>
          </reporter-output>
        </test-method> <!-- browserQuit -->
        <test-method status="PASS" signature="initialiseBrowser(java.lang.String)[pri:0, instance:com.sevenRMartSuperMarketTestScripts.ManageOrdersTest@7c417213]" name="initialiseBrowser" is-config="true" duration-ms="18491" started-at="2023-04-28T19:54:43 IST" finished-at="2023-04-28T19:55:01 IST">
          <params>
            <param index="0">
              <value>
                <![CDATA[chrome]]>
              </value>
            </param>
          </params>
          <reporter-output>
          </reporter-output>
        </test-method> <!-- initialiseBrowser -->
        <test-method status="PASS" signature="verifyUsersCanViewOrderDetailsInManageOrdersPageByClickingViewInListOrdersTable(java.lang.String,java.lang.String)[pri:0, instance:com.sevenRMartSuperMarketTestScripts.ManageOrdersTest@7c417213]" name="verifyUsersCanViewOrderDetailsInManageOrdersPageByClickingViewInListOrdersTable" duration-ms="2650" started-at="2023-04-28T19:55:01 IST" finished-at="2023-04-28T19:55:04 IST">
          <params>
            <param index="0">
              <value>
                <![CDATA[admin]]>
              </value>
            </param>
            <param index="1">
              <value>
                <![CDATA[admin]]>
              </value>
            </param>
          </params>
          <reporter-output>
          </reporter-output>
        </test-method> <!-- verifyUsersCanViewOrderDetailsInManageOrdersPageByClickingViewInListOrdersTable -->
        <test-method status="PASS" signature="browserQuit(org.testng.ITestResult)[pri:0, instance:com.sevenRMartSuperMarketTestScripts.ManageOrdersTest@7c417213]" name="browserQuit" is-config="true" duration-ms="737" started-at="2023-04-28T19:55:04 IST" finished-at="2023-04-28T19:55:05 IST">
          <params>
            <param index="0">
              <value>
                <![CDATA[[TestResult name=verifyUsersCanViewOrderDetailsInManageOrdersPageByClickingViewInListOrdersTable status=SUCCESS method=ManageOrdersTest.verifyUsersCanViewOrderDetailsInManageOrdersPageByClickingViewInListOrdersTable(java.lang.String,java.lang.String)[pri:0, instance:com.sevenRMartSuperMarketTestScripts.ManageOrdersTest@7c417213] output={null}]]]>
              </value>
            </param>
          </params>
          <reporter-output>
          </reporter-output>
        </test-method> <!-- browserQuit -->
        <test-method status="PASS" signature="initialiseBrowser(java.lang.String)[pri:0, instance:com.sevenRMartSuperMarketTestScripts.ManageOrdersTest@7c417213]" name="initialiseBrowser" is-config="true" duration-ms="18206" started-at="2023-04-28T19:55:05 IST" finished-at="2023-04-28T19:55:23 IST">
          <params>
            <param index="0">
              <value>
                <![CDATA[chrome]]>
              </value>
            </param>
          </params>
          <reporter-output>
          </reporter-output>
        </test-method> <!-- initialiseBrowser -->
        <test-method status="PASS" signature="verifydeliveryBoyIsAssignedForEverOrderCanBeUpdtedInListOrderTable(java.lang.String,java.lang.String)[pri:0, instance:com.sevenRMartSuperMarketTestScripts.ManageOrdersTest@7c417213]" name="verifydeliveryBoyIsAssignedForEverOrderCanBeUpdtedInListOrderTable" duration-ms="3964" started-at="2023-04-28T19:55:23 IST" finished-at="2023-04-28T19:55:27 IST">
          <params>
            <param index="0">
              <value>
                <![CDATA[admin]]>
              </value>
            </param>
            <param index="1">
              <value>
                <![CDATA[admin]]>
              </value>
            </param>
          </params>
          <reporter-output>
          </reporter-output>
        </test-method> <!-- verifydeliveryBoyIsAssignedForEverOrderCanBeUpdtedInListOrderTable -->
        <test-method status="PASS" signature="browserQuit(org.testng.ITestResult)[pri:0, instance:com.sevenRMartSuperMarketTestScripts.ManageOrdersTest@7c417213]" name="browserQuit" is-config="true" duration-ms="1094" started-at="2023-04-28T19:55:27 IST" finished-at="2023-04-28T19:55:28 IST">
          <params>
            <param index="0">
              <value>
                <![CDATA[[TestResult name=verifydeliveryBoyIsAssignedForEverOrderCanBeUpdtedInListOrderTable status=SUCCESS method=ManageOrdersTest.verifydeliveryBoyIsAssignedForEverOrderCanBeUpdtedInListOrderTable(java.lang.String,java.lang.String)[pri:0, instance:com.sevenRMartSuperMarketTestScripts.ManageOrdersTest@7c417213] output={null}]]]>
              </value>
            </param>
          </params>
          <reporter-output>
          </reporter-output>
        </test-method> <!-- browserQuit -->
      </class> <!-- com.sevenRMartSuperMarketTestScripts.ManageOrdersTest -->
      <class name="com.sevenRMartSuperMarketTestScripts.AdminUsersTest">
        <test-method status="PASS" signature="initialiseBrowser(java.lang.String)[pri:0, instance:com.sevenRMartSuperMarketTestScripts.AdminUsersTest@6107227e]" name="initialiseBrowser" is-config="true" duration-ms="18604" started-at="2023-04-28T19:53:18 IST" finished-at="2023-04-28T19:53:37 IST">
          <params>
            <param index="0">
              <value>
                <![CDATA[chrome]]>
              </value>
            </param>
          </params>
          <reporter-output>
          </reporter-output>
        </test-method> <!-- initialiseBrowser -->
        <test-method status="PASS" signature="VerifyNewAdminUserCanBeAddedInAdminUsersPage(java.lang.String,java.lang.String)[pri:0, instance:com.sevenRMartSuperMarketTestScripts.AdminUsersTest@6107227e]" name="VerifyNewAdminUserCanBeAddedInAdminUsersPage" duration-ms="3090" started-at="2023-04-28T19:53:37 IST" finished-at="2023-04-28T19:53:40 IST">
          <params>
            <param index="0">
              <value>
                <![CDATA[admin]]>
              </value>
            </param>
            <param index="1">
              <value>
                <![CDATA[admin]]>
              </value>
            </param>
          </params>
          <reporter-output>
          </reporter-output>
        </test-method> <!-- VerifyNewAdminUserCanBeAddedInAdminUsersPage -->
        <test-method status="PASS" signature="browserQuit(org.testng.ITestResult)[pri:0, instance:com.sevenRMartSuperMarketTestScripts.AdminUsersTest@6107227e]" name="browserQuit" is-config="true" duration-ms="757" started-at="2023-04-28T19:53:40 IST" finished-at="2023-04-28T19:53:40 IST">
          <params>
            <param index="0">
              <value>
                <![CDATA[[TestResult name=VerifyNewAdminUserCanBeAddedInAdminUsersPage status=SUCCESS method=AdminUsersTest.VerifyNewAdminUserCanBeAddedInAdminUsersPage(java.lang.String,java.lang.String)[pri:0, instance:com.sevenRMartSuperMarketTestScripts.AdminUsersTest@6107227e] output={null}]]]>
              </value>
            </param>
          </params>
          <reporter-output>
          </reporter-output>
        </test-method> <!-- browserQuit -->
        <test-method status="PASS" signature="initialiseBrowser(java.lang.String)[pri:0, instance:com.sevenRMartSuperMarketTestScripts.AdminUsersTest@6107227e]" name="initialiseBrowser" is-config="true" duration-ms="17418" started-at="2023-04-28T19:53:40 IST" finished-at="2023-04-28T19:53:58 IST">
          <params>
            <param index="0">
              <value>
                <![CDATA[chrome]]>
              </value>
            </param>
          </params>
          <reporter-output>
          </reporter-output>
        </test-method> <!-- initialiseBrowser -->
        <test-method status="PASS" signature="searchAdminUsersInAdminUsersPage(java.lang.String,java.lang.String)[pri:0, instance:com.sevenRMartSuperMarketTestScripts.AdminUsersTest@6107227e]" name="searchAdminUsersInAdminUsersPage" duration-ms="1956" started-at="2023-04-28T19:53:58 IST" finished-at="2023-04-28T19:54:00 IST">
          <params>
            <param index="0">
              <value>
                <![CDATA[admin]]>
              </value>
            </param>
            <param index="1">
              <value>
                <![CDATA[admin]]>
              </value>
            </param>
          </params>
          <reporter-output>
          </reporter-output>
        </test-method> <!-- searchAdminUsersInAdminUsersPage -->
        <test-method status="PASS" signature="browserQuit(org.testng.ITestResult)[pri:0, instance:com.sevenRMartSuperMarketTestScripts.AdminUsersTest@6107227e]" name="browserQuit" is-config="true" duration-ms="812" started-at="2023-04-28T19:54:00 IST" finished-at="2023-04-28T19:54:01 IST">
          <params>
            <param index="0">
              <value>
                <![CDATA[[TestResult name=searchAdminUsersInAdminUsersPage status=SUCCESS method=AdminUsersTest.searchAdminUsersInAdminUsersPage(java.lang.String,java.lang.String)[pri:0, instance:com.sevenRMartSuperMarketTestScripts.AdminUsersTest@6107227e] output={null}]]]>
              </value>
            </param>
          </params>
          <reporter-output>
          </reporter-output>
        </test-method> <!-- browserQuit -->
      </class> <!-- com.sevenRMartSuperMarketTestScripts.AdminUsersTest -->
      <class name="com.sevenRMartSuperMarketTestScripts.SiteNameTest">
        <test-method status="PASS" signature="initialiseBrowser(java.lang.String)[pri:0, instance:com.sevenRMartSuperMarketTestScripts.SiteNameTest@3745e5c6]" name="initialiseBrowser" is-config="true" duration-ms="18644" started-at="2023-04-28T19:59:59 IST" finished-at="2023-04-28T20:00:18 IST">
          <params>
            <param index="0">
              <value>
                <![CDATA[chrome]]>
              </value>
            </param>
          </params>
          <reporter-output>
          </reporter-output>
        </test-method> <!-- initialiseBrowser -->
        <test-method status="PASS" signature="getFontsizeOfsiteName(java.lang.String,java.lang.String)[pri:0, instance:com.sevenRMartSuperMarketTestScripts.SiteNameTest@3745e5c6]" name="getFontsizeOfsiteName" duration-ms="1658" started-at="2023-04-28T20:00:18 IST" finished-at="2023-04-28T20:00:19 IST">
          <params>
            <param index="0">
              <value>
                <![CDATA[admin]]>
              </value>
            </param>
            <param index="1">
              <value>
                <![CDATA[admin]]>
              </value>
            </param>
          </params>
          <reporter-output>
          </reporter-output>
        </test-method> <!-- getFontsizeOfsiteName -->
        <test-method status="PASS" signature="browserQuit(org.testng.ITestResult)[pri:0, instance:com.sevenRMartSuperMarketTestScripts.SiteNameTest@3745e5c6]" name="browserQuit" is-config="true" duration-ms="1884" started-at="2023-04-28T20:00:19 IST" finished-at="2023-04-28T20:00:21 IST">
          <params>
            <param index="0">
              <value>
                <![CDATA[[TestResult name=getFontsizeOfsiteName status=SUCCESS method=SiteNameTest.getFontsizeOfsiteName(java.lang.String,java.lang.String)[pri:0, instance:com.sevenRMartSuperMarketTestScripts.SiteNameTest@3745e5c6] output={null}]]]>
              </value>
            </param>
          </params>
          <reporter-output>
          </reporter-output>
        </test-method> <!-- browserQuit -->
        <test-method status="PASS" signature="initialiseBrowser(java.lang.String)[pri:0, instance:com.sevenRMartSuperMarketTestScripts.SiteNameTest@3745e5c6]" name="initialiseBrowser" is-config="true" duration-ms="18836" started-at="2023-04-28T20:00:21 IST" finished-at="2023-04-28T20:00:40 IST">
          <params>
            <param index="0">
              <value>
                <![CDATA[chrome]]>
              </value>
            </param>
          </params>
          <reporter-output>
          </reporter-output>
        </test-method> <!-- initialiseBrowser -->
        <test-method status="PASS" signature="siteName(java.lang.String,java.lang.String)[pri:0, instance:com.sevenRMartSuperMarketTestScripts.SiteNameTest@3745e5c6]" name="siteName" duration-ms="1348" started-at="2023-04-28T20:00:40 IST" finished-at="2023-04-28T20:00:42 IST">
          <params>
            <param index="0">
              <value>
                <![CDATA[admin]]>
              </value>
            </param>
            <param index="1">
              <value>
                <![CDATA[admin]]>
              </value>
            </param>
          </params>
          <reporter-output>
          </reporter-output>
        </test-method> <!-- siteName -->
        <test-method status="PASS" signature="browserQuit(org.testng.ITestResult)[pri:0, instance:com.sevenRMartSuperMarketTestScripts.SiteNameTest@3745e5c6]" name="browserQuit" is-config="true" duration-ms="894" started-at="2023-04-28T20:00:42 IST" finished-at="2023-04-28T20:00:42 IST">
          <params>
            <param index="0">
              <value>
                <![CDATA[[TestResult name=siteName status=SUCCESS method=SiteNameTest.siteName(java.lang.String,java.lang.String)[pri:0, instance:com.sevenRMartSuperMarketTestScripts.SiteNameTest@3745e5c6] output={null}]]]>
              </value>
            </param>
          </params>
          <reporter-output>
          </reporter-output>
        </test-method> <!-- browserQuit -->
      </class> <!-- com.sevenRMartSuperMarketTestScripts.SiteNameTest -->
      <class name="com.sevenRMartSuperMarketTestScripts.HomePageTest">
        <test-method status="PASS" signature="initialiseBrowser(java.lang.String)[pri:0, instance:com.sevenRMartSuperMarketTestScripts.HomePageTest@2d9d4f9d]" name="initialiseBrowser" is-config="true" duration-ms="18299" started-at="2023-04-28T19:52:36 IST" finished-at="2023-04-28T19:52:55 IST">
          <params>
            <param index="0">
              <value>
                <![CDATA[chrome]]>
              </value>
            </param>
          </params>
          <reporter-output>
          </reporter-output>
        </test-method> <!-- initialiseBrowser -->
        <test-method status="FAIL" signature="getStylePropertyAlignmentOfMoreInfoInHomePage(java.lang.String,java.lang.String)[pri:0, instance:com.sevenRMartSuperMarketTestScripts.HomePageTest@2d9d4f9d]" name="getStylePropertyAlignmentOfMoreInfoInHomePage" duration-ms="1454" started-at="2023-04-28T19:52:55 IST" finished-at="2023-04-28T19:52:56 IST">
          <params>
            <param index="0">
              <value>
                <![CDATA[admin]]>
              </value>
            </param>
            <param index="1">
              <value>
                <![CDATA[admin]]>
              </value>
            </param>
          </params>
          <exception class="java.lang.IllegalStateException">
            <message>
              <![CDATA[Cannot get a NUMERIC value from a STRING cell]]>
            </message>
            <full-stacktrace>
              <![CDATA[java.lang.IllegalStateException: Cannot get a NUMERIC value from a STRING cell
at org.apache.poi.xssf.usermodel.XSSFCell.typeMismatch(XSSFCell.java:1035)
at org.apache.poi.xssf.usermodel.XSSFCell.getNumericCellValue(XSSFCell.java:319)
at Utilities.ExcelUtility.getNumeric(ExcelUtility.java:75)
at com.sevenRMartSuperMarketTestScripts.HomePageTest.getStylePropertyAlignmentOfMoreInfoInHomePage(HomePageTest.java:37)
at sun.reflect.NativeMethodAccessorImpl.invoke0(Native Method)
at sun.reflect.NativeMethodAccessorImpl.invoke(NativeMethodAccessorImpl.java:62)
at sun.reflect.DelegatingMethodAccessorImpl.invoke(DelegatingMethodAccessorImpl.java:43)
at java.lang.reflect.Method.invoke(Method.java:498)
at org.testng.internal.invokers.MethodInvocationHelper.invokeMethod(MethodInvocationHelper.java:135)
at org.testng.internal.invokers.TestInvoker.invokeMethod(TestInvoker.java:673)
at org.testng.internal.invokers.TestInvoker.invokeTestMethod(TestInvoker.java:220)
at org.testng.internal.invokers.MethodRunner.runInSequence(MethodRunner.java:50)
at org.testng.internal.invokers.TestInvoker$MethodInvocationAgent.invoke(TestInvoker.java:945)
at org.testng.internal.invokers.TestInvoker.invokeTestMethods(TestInvoker.java:193)
at org.testng.internal.invokers.TestMethodWorker.invokeTestMethods(TestMethodWorker.java:146)
at org.testng.internal.invokers.TestMethodWorker.run(TestMethodWorker.java:128)
at java.util.ArrayList.forEach(ArrayList.java:1257)
at org.testng.TestRunner.privateRun(TestRunner.java:808)
at org.testng.TestRunner.run(TestRunner.java:603)
at org.testng.SuiteRunner.runTest(SuiteRunner.java:429)
at org.testng.SuiteRunner.runSequentially(SuiteRunner.java:423)
at org.testng.SuiteRunner.privateRun(SuiteRunner.java:383)
at org.testng.SuiteRunner.run(SuiteRunner.java:326)
at org.testng.SuiteRunnerWorker.runSuite(SuiteRunnerWorker.java:52)
at org.testng.SuiteRunnerWorker.run(SuiteRunnerWorker.java:95)
at org.testng.TestNG.runSuitesSequentially(TestNG.java:1249)
at org.testng.TestNG.runSuitesLocally(TestNG.java:1169)
at org.testng.TestNG.runSuites(TestNG.java:1092)
at org.testng.TestNG.run(TestNG.java:1060)
at org.apache.maven.surefire.testng.TestNGExecutor.run(TestNGExecutor.java:284)
at org.apache.maven.surefire.testng.TestNGXmlTestSuite.execute(TestNGXmlTestSuite.java:75)
at org.apache.maven.surefire.testng.TestNGProvider.invoke(TestNGProvider.java:119)
at org.apache.maven.surefire.booter.ForkedBooter.runSuitesInProcess(ForkedBooter.java:428)
at org.apache.maven.surefire.booter.ForkedBooter.execute(ForkedBooter.java:162)
at org.apache.maven.surefire.booter.ForkedBooter.run(ForkedBooter.java:562)
at org.apache.maven.surefire.booter.ForkedBooter.main(ForkedBooter.java:548)
]]>
            </full-stacktrace>
          </exception> <!-- java.lang.IllegalStateException -->
          <reporter-output>
          </reporter-output>
        </test-method> <!-- getStylePropertyAlignmentOfMoreInfoInHomePage -->
        <test-method status="PASS" signature="browserQuit(org.testng.ITestResult)[pri:0, instance:com.sevenRMartSuperMarketTestScripts.HomePageTest@2d9d4f9d]" name="browserQuit" is-config="true" duration-ms="1409" started-at="2023-04-28T19:52:56 IST" finished-at="2023-04-28T19:52:58 IST">
          <params>
            <param index="0">
              <value>
                <![CDATA[[TestResult name=getStylePropertyAlignmentOfMoreInfoInHomePage status=FAILURE method=HomePageTest.getStylePropertyAlignmentOfMoreInfoInHomePage(java.lang.String,java.lang.String)[pri:0, instance:com.sevenRMartSuperMarketTestScripts.HomePageTest@2d9d4f9d] output={null}]]]>
              </value>
            </param>
          </params>
          <reporter-output>
          </reporter-output>
        </test-method> <!-- browserQuit -->
        <test-method status="PASS" signature="initialiseBrowser(java.lang.String)[pri:0, instance:com.sevenRMartSuperMarketTestScripts.HomePageTest@2d9d4f9d]" name="initialiseBrowser" is-config="true" duration-ms="18402" started-at="2023-04-28T19:52:58 IST" finished-at="2023-04-28T19:53:16 IST">
          <params>
            <param index="0">
              <value>
                <![CDATA[chrome]]>
              </value>
            </param>
          </params>
          <reporter-output>
          </reporter-output>
        </test-method> <!-- initialiseBrowser -->
        <test-method status="PASS" signature="getStylePropertyColorOfMoreInfoInHomePage(java.lang.String,java.lang.String)[pri:0, instance:com.sevenRMartSuperMarketTestScripts.HomePageTest@2d9d4f9d]" name="getStylePropertyColorOfMoreInfoInHomePage" duration-ms="1243" started-at="2023-04-28T19:53:16 IST" finished-at="2023-04-28T19:53:17 IST">
          <params>
            <param index="0">
              <value>
                <![CDATA[admin]]>
              </value>
            </param>
            <param index="1">
              <value>
                <![CDATA[admin]]>
              </value>
            </param>
          </params>
          <reporter-output>
          </reporter-output>
        </test-method> <!-- getStylePropertyColorOfMoreInfoInHomePage -->
        <test-method status="PASS" signature="browserQuit(org.testng.ITestResult)[pri:0, instance:com.sevenRMartSuperMarketTestScripts.HomePageTest@2d9d4f9d]" name="browserQuit" is-config="true" duration-ms="765" started-at="2023-04-28T19:53:17 IST" finished-at="2023-04-28T19:53:18 IST">
          <params>
            <param index="0">
              <value>
                <![CDATA[[TestResult name=getStylePropertyColorOfMoreInfoInHomePage status=SUCCESS method=HomePageTest.getStylePropertyColorOfMoreInfoInHomePage(java.lang.String,java.lang.String)[pri:0, instance:com.sevenRMartSuperMarketTestScripts.HomePageTest@2d9d4f9d] output={null}]]]>
              </value>
            </param>
          </params>
          <reporter-output>
          </reporter-output>
        </test-method> <!-- browserQuit -->
      </class> <!-- com.sevenRMartSuperMarketTestScripts.HomePageTest -->
      <class name="com.sevenRMartSuperMarketTestScripts.VerifyUsersTest">
        <test-method status="PASS" signature="initialiseBrowser(java.lang.String)[pri:0, instance:com.sevenRMartSuperMarketTestScripts.VerifyUsersTest@6ab7a896]" name="initialiseBrowser" is-config="true" duration-ms="18502" started-at="2023-04-28T19:56:33 IST" finished-at="2023-04-28T19:56:51 IST">
          <params>
            <param index="0">
              <value>
                <![CDATA[chrome]]>
              </value>
            </param>
          </params>
          <reporter-output>
          </reporter-output>
        </test-method> <!-- initialiseBrowser -->
        <test-method status="PASS" signature="verifyUsers(java.lang.String,java.lang.String)[pri:0, instance:com.sevenRMartSuperMarketTestScripts.VerifyUsersTest@6ab7a896]" name="verifyUsers" duration-ms="2561" started-at="2023-04-28T19:56:51 IST" finished-at="2023-04-28T19:56:54 IST">
          <params>
            <param index="0">
              <value>
                <![CDATA[admin]]>
              </value>
            </param>
            <param index="1">
              <value>
                <![CDATA[admin]]>
              </value>
            </param>
          </params>
          <reporter-output>
          </reporter-output>
        </test-method> <!-- verifyUsers -->
        <test-method status="PASS" signature="browserQuit(org.testng.ITestResult)[pri:0, instance:com.sevenRMartSuperMarketTestScripts.VerifyUsersTest@6ab7a896]" name="browserQuit" is-config="true" duration-ms="805" started-at="2023-04-28T19:56:54 IST" finished-at="2023-04-28T19:56:54 IST">
          <params>
            <param index="0">
              <value>
                <![CDATA[[TestResult name=verifyUsers status=SUCCESS method=VerifyUsersTest.verifyUsers(java.lang.String,java.lang.String)[pri:0, instance:com.sevenRMartSuperMarketTestScripts.VerifyUsersTest@6ab7a896] output={null}]]]>
              </value>
            </param>
          </params>
          <reporter-output>
          </reporter-output>
        </test-method> <!-- browserQuit -->
      </class> <!-- com.sevenRMartSuperMarketTestScripts.VerifyUsersTest -->
      <class name="com.sevenRMartSuperMarketTestScripts.ManageOfferCodeTest">
        <test-method status="PASS" signature="initialiseBrowser(java.lang.String)[pri:0, instance:com.sevenRMartSuperMarketTestScripts.ManageOfferCodeTest@19d37183]" name="initialiseBrowser" is-config="true" duration-ms="20372" started-at="2023-04-28T20:02:42 IST" finished-at="2023-04-28T20:03:02 IST">
          <params>
            <param index="0">
              <value>
                <![CDATA[chrome]]>
              </value>
            </param>
          </params>
          <reporter-output>
          </reporter-output>
        </test-method> <!-- initialiseBrowser -->
        <test-method status="PASS" signature="verifyNewOfferCodeAddedIsDisplayedInListOfferCodeTable(java.lang.String,java.lang.String)[pri:0, instance:com.sevenRMartSuperMarketTestScripts.ManageOfferCodeTest@19d37183]" name="verifyNewOfferCodeAddedIsDisplayedInListOfferCodeTable" duration-ms="2811" started-at="2023-04-28T20:03:02 IST" finished-at="2023-04-28T20:03:05 IST">
          <params>
            <param index="0">
              <value>
                <![CDATA[admin]]>
              </value>
            </param>
            <param index="1">
              <value>
                <![CDATA[admin]]>
              </value>
            </param>
          </params>
          <reporter-output>
          </reporter-output>
        </test-method> <!-- verifyNewOfferCodeAddedIsDisplayedInListOfferCodeTable -->
        <test-method status="PASS" signature="browserQuit(org.testng.ITestResult)[pri:0, instance:com.sevenRMartSuperMarketTestScripts.ManageOfferCodeTest@19d37183]" name="browserQuit" is-config="true" duration-ms="996" started-at="2023-04-28T20:03:05 IST" finished-at="2023-04-28T20:03:06 IST">
          <params>
            <param index="0">
              <value>
                <![CDATA[[TestResult name=verifyNewOfferCodeAddedIsDisplayedInListOfferCodeTable status=SUCCESS method=ManageOfferCodeTest.verifyNewOfferCodeAddedIsDisplayedInListOfferCodeTable(java.lang.String,java.lang.String)[pri:0, instance:com.sevenRMartSuperMarketTestScripts.ManageOfferCodeTest@19d37183] output={null}]]]>
              </value>
            </param>
          </params>
          <reporter-output>
          </reporter-output>
        </test-method> <!-- browserQuit -->
        <test-method status="PASS" signature="initialiseBrowser(java.lang.String)[pri:0, instance:com.sevenRMartSuperMarketTestScripts.ManageOfferCodeTest@19d37183]" name="initialiseBrowser" is-config="true" duration-ms="18894" started-at="2023-04-28T20:03:06 IST" finished-at="2023-04-28T20:03:25 IST">
          <params>
            <param index="0">
              <value>
                <![CDATA[chrome]]>
              </value>
            </param>
          </params>
          <reporter-output>
          </reporter-output>
        </test-method> <!-- initialiseBrowser -->
        <test-method status="FAIL" signature="verifyNewOfferCodeCanBeAddedByEnteringOfferInformation(java.lang.String,java.lang.String)[pri:0, instance:com.sevenRMartSuperMarketTestScripts.ManageOfferCodeTest@19d37183]" name="verifyNewOfferCodeCanBeAddedByEnteringOfferInformation" duration-ms="4894" started-at="2023-04-28T20:03:25 IST" finished-at="2023-04-28T20:03:30 IST">
          <params>
            <param index="0">
              <value>
                <![CDATA[admin]]>
              </value>
            </param>
            <param index="1">
              <value>
                <![CDATA[admin]]>
              </value>
            </param>
          </params>
          <exception class="org.openqa.selenium.NoSuchElementException">
            <message>
              <![CDATA[no such element: Unable to locate element: {"method":"xpath","selector":"//div[contains(@class,'alert-success ')]"}
  (Session info: chrome=112.0.5615.138)
For documentation on this error, please visit: https://selenium.dev/exceptions/#no_such_element
Build info: version: '4.8.3', revision: 'e5e76298c3'
System info: os.name: 'Windows 10', os.arch: 'amd64', os.version: '10.0', java.version: '1.8.0_202'
Driver info: org.openqa.selenium.chrome.ChromeDriver
Command: [09ebb06386b669fac2f333e067202224, findElement {using=xpath, value=//div[contains(@class,'alert-success ')]}]
Capabilities {acceptInsecureCerts: false, browserName: chrome, browserVersion: 112.0.5615.138, chrome: {chromedriverVersion: 112.0.5615.49 (bd2a7bcb881c..., userDataDir: C:\Users\SHALU\AppData\Loca...}, goog:chromeOptions: {debuggerAddress: localhost:63895}, networkConnectionEnabled: false, pageLoadStrategy: normal, platformName: WINDOWS, proxy: Proxy(), se:cdp: ws://localhost:63895/devtoo..., se:cdpVersion: 112.0.5615.138, setWindowRect: true, strictFileInteractability: false, timeouts: {implicit: 0, pageLoad: 300000, script: 30000}, unhandledPromptBehavior: dismiss and notify, webauthn:extension:credBlob: true, webauthn:extension:largeBlob: true, webauthn:extension:minPinLength: true, webauthn:extension:prf: true, webauthn:virtualAuthenticators: true}
Session ID: 09ebb06386b669fac2f333e067202224]]>
            </message>
            <full-stacktrace>
              <![CDATA[org.openqa.selenium.NoSuchElementException: no such element: Unable to locate element: {"method":"xpath","selector":"//div[contains(@class,'alert-success ')]"}
  (Session info: chrome=112.0.5615.138)
For documentation on this error, please visit: https://selenium.dev/exceptions/#no_such_element
Build info: version: '4.8.3', revision: 'e5e76298c3'
System info: os.name: 'Windows 10', os.arch: 'amd64', os.version: '10.0', java.version: '1.8.0_202'
Driver info: org.openqa.selenium.chrome.ChromeDriver
Command: [09ebb06386b669fac2f333e067202224, findElement {using=xpath, value=//div[contains(@class,'alert-success ')]}]
Capabilities {acceptInsecureCerts: false, browserName: chrome, browserVersion: 112.0.5615.138, chrome: {chromedriverVersion: 112.0.5615.49 (bd2a7bcb881c..., userDataDir: C:\Users\SHALU\AppData\Loca...}, goog:chromeOptions: {debuggerAddress: localhost:63895}, networkConnectionEnabled: false, pageLoadStrategy: normal, platformName: WINDOWS, proxy: Proxy(), se:cdp: ws://localhost:63895/devtoo..., se:cdpVersion: 112.0.5615.138, setWindowRect: true, strictFileInteractability: false, timeouts: {implicit: 0, pageLoad: 300000, script: 30000}, unhandledPromptBehavior: dismiss and notify, webauthn:extension:credBlob: true, webauthn:extension:largeBlob: true, webauthn:extension:minPinLength: true, webauthn:extension:prf: true, webauthn:virtualAuthenticators: true}
Session ID: 09ebb06386b669fac2f333e067202224
at sun.reflect.NativeConstructorAccessorImpl.newInstance0(Native Method)
at sun.reflect.NativeConstructorAccessorImpl.newInstance(NativeConstructorAccessorImpl.java:62)
at sun.reflect.DelegatingConstructorAccessorImpl.newInstance(DelegatingConstructorAccessorImpl.java:45)
at java.lang.reflect.Constructor.newInstance(Constructor.java:423)
at org.openqa.selenium.remote.codec.w3c.W3CHttpResponseCodec.createException(W3CHttpResponseCodec.java:200)
at org.openqa.selenium.remote.codec.w3c.W3CHttpResponseCodec.decode(W3CHttpResponseCodec.java:133)
at org.openqa.selenium.remote.codec.w3c.W3CHttpResponseCodec.decode(W3CHttpResponseCodec.java:53)
at org.openqa.selenium.remote.HttpCommandExecutor.execute(HttpCommandExecutor.java:193)
at org.openqa.selenium.remote.service.DriverCommandExecutor.invokeExecute(DriverCommandExecutor.java:183)
at org.openqa.selenium.remote.service.DriverCommandExecutor.execute(DriverCommandExecutor.java:158)
at org.openqa.selenium.remote.RemoteWebDriver.execute(RemoteWebDriver.java:543)
at org.openqa.selenium.remote.ElementLocation$ElementFinder$2.findElement(ElementLocation.java:162)
at org.openqa.selenium.remote.ElementLocation.findElement(ElementLocation.java:60)
at org.openqa.selenium.remote.RemoteWebDriver.findElement(RemoteWebDriver.java:352)
at org.openqa.selenium.remote.RemoteWebDriver.findElement(RemoteWebDriver.java:344)
at org.openqa.selenium.support.pagefactory.DefaultElementLocator.findElement(DefaultElementLocator.java:70)
at org.openqa.selenium.support.pagefactory.internal.LocatingElementHandler.invoke(LocatingElementHandler.java:39)
at com.sun.proxy.$Proxy14.isDisplayed(Unknown Source)
at Utilities.PageUtility.isElementDisplayed(PageUtility.java:85)
at com.sevenRMartSuperMarketPages.ManageOfferCodePage.addNewOfferCode(ManageOfferCodePage.java:92)
at com.sevenRMartSuperMarketTestScripts.ManageOfferCodeTest.verifyNewOfferCodeCanBeAddedByEnteringOfferInformation(ManageOfferCodeTest.java:43)
at sun.reflect.NativeMethodAccessorImpl.invoke0(Native Method)
at sun.reflect.NativeMethodAccessorImpl.invoke(NativeMethodAccessorImpl.java:62)
at sun.reflect.DelegatingMethodAccessorImpl.invoke(DelegatingMethodAccessorImpl.java:43)
at java.lang.reflect.Method.invoke(Method.java:498)
at org.testng.internal.invokers.MethodInvocationHelper.invokeMethod(MethodInvocationHelper.java:135)
at org.testng.internal.invokers.TestInvoker.invokeMethod(TestInvoker.java:673)
at org.testng.internal.invokers.TestInvoker.invokeTestMethod(TestInvoker.java:220)
at org.testng.internal.invokers.MethodRunner.runInSequence(MethodRunner.java:50)
at org.testng.internal.invokers.TestInvoker$MethodInvocationAgent.invoke(TestInvoker.java:945)
at org.testng.internal.invokers.TestInvoker.invokeTestMethods(TestInvoker.java:193)
at org.testng.internal.invokers.TestMethodWorker.invokeTestMethods(TestMethodWorker.java:146)
at org.testng.internal.invokers.TestMethodWorker.run(TestMethodWorker.java:128)
at java.util.ArrayList.forEach(ArrayList.java:1257)
at org.testng.TestRunner.privateRun(TestRunner.java:808)
at org.testng.TestRunner.run(TestRunner.java:603)
at org.testng.SuiteRunner.runTest(SuiteRunner.java:429)
at org.testng.SuiteRunner.runSequentially(SuiteRunner.java:423)
at org.testng.SuiteRunner.privateRun(SuiteRunner.java:383)
at org.testng.SuiteRunner.run(SuiteRunner.java:326)
at org.testng.SuiteRunnerWorker.runSuite(SuiteRunnerWorker.java:52)
at org.testng.SuiteRunnerWorker.run(SuiteRunnerWorker.java:95)
at org.testng.TestNG.runSuitesSequentially(TestNG.java:1249)
at org.testng.TestNG.runSuitesLocally(TestNG.java:1169)
at org.testng.TestNG.runSuites(TestNG.java:1092)
at org.testng.TestNG.run(TestNG.java:1060)
at org.apache.maven.surefire.testng.TestNGExecutor.run(TestNGExecutor.java:284)
at org.apache.maven.surefire.testng.TestNGXmlTestSuite.execute(TestNGXmlTestSuite.java:75)
at org.apache.maven.surefire.testng.TestNGProvider.invoke(TestNGProvider.java:119)
at org.apache.maven.surefire.booter.ForkedBooter.runSuitesInProcess(ForkedBooter.java:428)
at org.apache.maven.surefire.booter.ForkedBooter.execute(ForkedBooter.java:162)
at org.apache.maven.surefire.booter.ForkedBooter.run(ForkedBooter.java:562)
at org.apache.maven.surefire.booter.ForkedBooter.main(ForkedBooter.java:548)
]]>
            </full-stacktrace>
          </exception> <!-- org.openqa.selenium.NoSuchElementException -->
          <reporter-output>
          </reporter-output>
        </test-method> <!-- verifyNewOfferCodeCanBeAddedByEnteringOfferInformation -->
        <test-method status="PASS" signature="browserQuit(org.testng.ITestResult)[pri:0, instance:com.sevenRMartSuperMarketTestScripts.ManageOfferCodeTest@19d37183]" name="browserQuit" is-config="true" duration-ms="1083" started-at="2023-04-28T20:03:30 IST" finished-at="2023-04-28T20:03:31 IST">
          <params>
            <param index="0">
              <value>
                <![CDATA[[TestResult name=verifyNewOfferCodeCanBeAddedByEnteringOfferInformation status=FAILURE method=ManageOfferCodeTest.verifyNewOfferCodeCanBeAddedByEnteringOfferInformation(java.lang.String,java.lang.String)[pri:0, instance:com.sevenRMartSuperMarketTestScripts.ManageOfferCodeTest@19d37183] output={null}]]]>
              </value>
            </param>
          </params>
          <reporter-output>
          </reporter-output>
        </test-method> <!-- browserQuit -->
      </class> <!-- com.sevenRMartSuperMarketTestScripts.ManageOfferCodeTest -->
      <class name="com.sevenRMartSuperMarketTestScripts.ManageSliderTest">
        <test-method status="PASS" signature="initialiseBrowser(java.lang.String)[pri:0, instance:com.sevenRMartSuperMarketTestScripts.ManageSliderTest@15761df8]" name="initialiseBrowser" is-config="true" duration-ms="17405" started-at="2023-04-28T19:55:28 IST" finished-at="2023-04-28T19:55:45 IST">
          <params>
            <param index="0">
              <value>
                <![CDATA[chrome]]>
              </value>
            </param>
          </params>
          <reporter-output>
          </reporter-output>
        </test-method> <!-- initialiseBrowser -->
        <test-method status="PASS" signature="addNewSliderInListSliderTable(java.lang.String,java.lang.String)[pri:0, instance:com.sevenRMartSuperMarketTestScripts.ManageSliderTest@15761df8]" name="addNewSliderInListSliderTable" duration-ms="3017" started-at="2023-04-28T19:55:45 IST" finished-at="2023-04-28T19:55:48 IST">
          <params>
            <param index="0">
              <value>
                <![CDATA[admin]]>
              </value>
            </param>
            <param index="1">
              <value>
                <![CDATA[admin]]>
              </value>
            </param>
          </params>
          <reporter-output>
          </reporter-output>
        </test-method> <!-- addNewSliderInListSliderTable -->
        <test-method status="PASS" signature="browserQuit(org.testng.ITestResult)[pri:0, instance:com.sevenRMartSuperMarketTestScripts.ManageSliderTest@15761df8]" name="browserQuit" is-config="true" duration-ms="786" started-at="2023-04-28T19:55:48 IST" finished-at="2023-04-28T19:55:49 IST">
          <params>
            <param index="0">
              <value>
                <![CDATA[[TestResult name=addNewSliderInListSliderTable status=SUCCESS method=ManageSliderTest.addNewSliderInListSliderTable(java.lang.String,java.lang.String)[pri:0, instance:com.sevenRMartSuperMarketTestScripts.ManageSliderTest@15761df8] output={null}]]]>
              </value>
            </param>
          </params>
          <reporter-output>
          </reporter-output>
        </test-method> <!-- browserQuit -->
        <test-method status="PASS" signature="initialiseBrowser(java.lang.String)[pri:0, instance:com.sevenRMartSuperMarketTestScripts.ManageSliderTest@15761df8]" name="initialiseBrowser" is-config="true" duration-ms="18338" started-at="2023-04-28T19:55:49 IST" finished-at="2023-04-28T19:56:07 IST">
          <params>
            <param index="0">
              <value>
                <![CDATA[chrome]]>
              </value>
            </param>
          </params>
          <reporter-output>
          </reporter-output>
        </test-method> <!-- initialiseBrowser -->
        <test-method status="PASS" signature="addNewSlideraddedIsDispalyedInListSliderTable(java.lang.String,java.lang.String)[pri:0, instance:com.sevenRMartSuperMarketTestScripts.ManageSliderTest@15761df8]" name="addNewSlideraddedIsDispalyedInListSliderTable" duration-ms="1883" started-at="2023-04-28T19:56:07 IST" finished-at="2023-04-28T19:56:09 IST">
          <params>
            <param index="0">
              <value>
                <![CDATA[admin]]>
              </value>
            </param>
            <param index="1">
              <value>
                <![CDATA[admin]]>
              </value>
            </param>
          </params>
          <reporter-output>
          </reporter-output>
        </test-method> <!-- addNewSlideraddedIsDispalyedInListSliderTable -->
        <test-method status="PASS" signature="browserQuit(org.testng.ITestResult)[pri:0, instance:com.sevenRMartSuperMarketTestScripts.ManageSliderTest@15761df8]" name="browserQuit" is-config="true" duration-ms="892" started-at="2023-04-28T19:56:09 IST" finished-at="2023-04-28T19:56:10 IST">
          <params>
            <param index="0">
              <value>
                <![CDATA[[TestResult name=addNewSlideraddedIsDispalyedInListSliderTable status=SUCCESS method=ManageSliderTest.addNewSlideraddedIsDispalyedInListSliderTable(java.lang.String,java.lang.String)[pri:0, instance:com.sevenRMartSuperMarketTestScripts.ManageSliderTest@15761df8] output={null}]]]>
              </value>
            </param>
          </params>
          <reporter-output>
          </reporter-output>
        </test-method> <!-- browserQuit -->
        <test-method status="PASS" signature="initialiseBrowser(java.lang.String)[pri:0, instance:com.sevenRMartSuperMarketTestScripts.ManageSliderTest@15761df8]" name="initialiseBrowser" is-config="true" duration-ms="18948" started-at="2023-04-28T19:56:10 IST" finished-at="2023-04-28T19:56:29 IST">
          <params>
            <param index="0">
              <value>
                <![CDATA[chrome]]>
              </value>
            </param>
          </params>
          <reporter-output>
          </reporter-output>
        </test-method> <!-- initialiseBrowser -->
        <test-method status="PASS" signature="deleteSliderFromListSliderTable(java.lang.String,java.lang.String)[pri:0, instance:com.sevenRMartSuperMarketTestScripts.ManageSliderTest@15761df8]" name="deleteSliderFromListSliderTable" duration-ms="2577" started-at="2023-04-28T19:56:29 IST" finished-at="2023-04-28T19:56:32 IST">
          <params>
            <param index="0">
              <value>
                <![CDATA[admin]]>
              </value>
            </param>
            <param index="1">
              <value>
                <![CDATA[admin]]>
              </value>
            </param>
          </params>
          <reporter-output>
          </reporter-output>
        </test-method> <!-- deleteSliderFromListSliderTable -->
        <test-method status="PASS" signature="browserQuit(org.testng.ITestResult)[pri:0, instance:com.sevenRMartSuperMarketTestScripts.ManageSliderTest@15761df8]" name="browserQuit" is-config="true" duration-ms="896" started-at="2023-04-28T19:56:32 IST" finished-at="2023-04-28T19:56:33 IST">
          <params>
            <param index="0">
              <value>
                <![CDATA[[TestResult name=deleteSliderFromListSliderTable status=SUCCESS method=ManageSliderTest.deleteSliderFromListSliderTable(java.lang.String,java.lang.String)[pri:0, instance:com.sevenRMartSuperMarketTestScripts.ManageSliderTest@15761df8] output={null}]]]>
              </value>
            </param>
          </params>
          <reporter-output>
          </reporter-output>
        </test-method> <!-- browserQuit -->
      </class> <!-- com.sevenRMartSuperMarketTestScripts.ManageSliderTest -->
      <class name="com.sevenRMartSuperMarketTestScripts.ManageProductsTest">
        <test-method status="PASS" signature="initialiseBrowser(java.lang.String)[pri:0, instance:com.sevenRMartSuperMarketTestScripts.ManageProductsTest@327b636c]" name="initialiseBrowser" is-config="true" duration-ms="18597" started-at="2023-04-28T19:56:54 IST" finished-at="2023-04-28T19:57:13 IST">
          <params>
            <param index="0">
              <value>
                <![CDATA[chrome]]>
              </value>
            </param>
          </params>
          <reporter-output>
          </reporter-output>
        </test-method> <!-- initialiseBrowser -->
        <test-method status="PASS" signature="manageProductsAddProductTypeRadioButton(java.lang.String,java.lang.String)[pri:0, instance:com.sevenRMartSuperMarketTestScripts.ManageProductsTest@327b636c]" name="manageProductsAddProductTypeRadioButton" duration-ms="4486" started-at="2023-04-28T19:57:13 IST" finished-at="2023-04-28T19:57:18 IST">
          <params>
            <param index="0">
              <value>
                <![CDATA[admin]]>
              </value>
            </param>
            <param index="1">
              <value>
                <![CDATA[admin]]>
              </value>
            </param>
          </params>
          <reporter-output>
          </reporter-output>
        </test-method> <!-- manageProductsAddProductTypeRadioButton -->
        <test-method status="PASS" signature="browserQuit(org.testng.ITestResult)[pri:0, instance:com.sevenRMartSuperMarketTestScripts.ManageProductsTest@327b636c]" name="browserQuit" is-config="true" duration-ms="1147" started-at="2023-04-28T19:57:18 IST" finished-at="2023-04-28T19:57:19 IST">
          <params>
            <param index="0">
              <value>
                <![CDATA[[TestResult name=manageProductsAddProductTypeRadioButton status=SUCCESS method=ManageProductsTest.manageProductsAddProductTypeRadioButton(java.lang.String,java.lang.String)[pri:0, instance:com.sevenRMartSuperMarketTestScripts.ManageProductsTest@327b636c] output={null}]]]>
              </value>
            </param>
          </params>
          <reporter-output>
          </reporter-output>
        </test-method> <!-- browserQuit -->
        <test-method status="PASS" signature="initialiseBrowser(java.lang.String)[pri:0, instance:com.sevenRMartSuperMarketTestScripts.ManageProductsTest@327b636c]" name="initialiseBrowser" is-config="true" duration-ms="19373" started-at="2023-04-28T19:57:19 IST" finished-at="2023-04-28T19:57:38 IST">
          <params>
            <param index="0">
              <value>
                <![CDATA[chrome]]>
              </value>
            </param>
          </params>
          <reporter-output>
          </reporter-output>
        </test-method> <!-- initialiseBrowser -->
        <test-method status="PASS" signature="manageProductsfaker(java.lang.String,java.lang.String)[pri:0, instance:com.sevenRMartSuperMarketTestScripts.ManageProductsTest@327b636c]" name="manageProductsfaker" duration-ms="3349" started-at="2023-04-28T19:57:38 IST" finished-at="2023-04-28T19:57:41 IST">
          <params>
            <param index="0">
              <value>
                <![CDATA[admin]]>
              </value>
            </param>
            <param index="1">
              <value>
                <![CDATA[admin]]>
              </value>
            </param>
          </params>
          <reporter-output>
          </reporter-output>
        </test-method> <!-- manageProductsfaker -->
        <test-method status="PASS" signature="browserQuit(org.testng.ITestResult)[pri:0, instance:com.sevenRMartSuperMarketTestScripts.ManageProductsTest@327b636c]" name="browserQuit" is-config="true" duration-ms="863" started-at="2023-04-28T19:57:42 IST" finished-at="2023-04-28T19:57:43 IST">
          <params>
            <param index="0">
              <value>
                <![CDATA[[TestResult name=manageProductsfaker status=SUCCESS method=ManageProductsTest.manageProductsfaker(java.lang.String,java.lang.String)[pri:0, instance:com.sevenRMartSuperMarketTestScripts.ManageProductsTest@327b636c] output={null}]]]>
              </value>
            </param>
          </params>
          <reporter-output>
          </reporter-output>
        </test-method> <!-- browserQuit -->
      </class> <!-- com.sevenRMartSuperMarketTestScripts.ManageProductsTest -->
      <class name="com.sevenRMartSuperMarketTestScripts.ManageUsersTest">
        <test-method status="PASS" signature="initialiseBrowser(java.lang.String)[pri:0, instance:com.sevenRMartSuperMarketTestScripts.ManageUsersTest@60611244]" name="initialiseBrowser" is-config="true" duration-ms="17528" started-at="2023-04-28T19:58:51 IST" finished-at="2023-04-28T19:59:08 IST">
          <params>
            <param index="0">
              <value>
                <![CDATA[chrome]]>
              </value>
            </param>
          </params>
          <reporter-output>
          </reporter-output>
        </test-method> <!-- initialiseBrowser -->
        <test-method status="PASS" signature="manageUsersResetButtonBorderColor()[pri:0, instance:com.sevenRMartSuperMarketTestScripts.ManageUsersTest@60611244]" name="manageUsersResetButtonBorderColor" duration-ms="2608" started-at="2023-04-28T19:59:08 IST" finished-at="2023-04-28T19:59:11 IST">
          <reporter-output>
          </reporter-output>
        </test-method> <!-- manageUsersResetButtonBorderColor -->
        <test-method status="PASS" signature="browserQuit(org.testng.ITestResult)[pri:0, instance:com.sevenRMartSuperMarketTestScripts.ManageUsersTest@60611244]" name="browserQuit" is-config="true" duration-ms="903" started-at="2023-04-28T19:59:11 IST" finished-at="2023-04-28T19:59:12 IST">
          <params>
            <param index="0">
              <value>
                <![CDATA[[TestResult name=manageUsersResetButtonBorderColor status=SUCCESS method=ManageUsersTest.manageUsersResetButtonBorderColor()[pri:0, instance:com.sevenRMartSuperMarketTestScripts.ManageUsersTest@60611244] output={null}]]]>
              </value>
            </param>
          </params>
          <reporter-output>
          </reporter-output>
        </test-method> <!-- browserQuit -->
        <test-method status="PASS" signature="initialiseBrowser(java.lang.String)[pri:0, instance:com.sevenRMartSuperMarketTestScripts.ManageUsersTest@60611244]" name="initialiseBrowser" is-config="true" duration-ms="18761" started-at="2023-04-28T19:59:12 IST" finished-at="2023-04-28T19:59:31 IST">
          <params>
            <param index="0">
              <value>
                <![CDATA[chrome]]>
              </value>
            </param>
          </params>
          <reporter-output>
          </reporter-output>
        </test-method> <!-- initialiseBrowser -->
        <test-method status="PASS" signature="manageUsersSearchButtonBackGround()[pri:0, instance:com.sevenRMartSuperMarketTestScripts.ManageUsersTest@60611244]" name="manageUsersSearchButtonBackGround" duration-ms="2796" started-at="2023-04-28T19:59:31 IST" finished-at="2023-04-28T19:59:33 IST">
          <reporter-output>
          </reporter-output>
        </test-method> <!-- manageUsersSearchButtonBackGround -->
        <test-method status="PASS" signature="browserQuit(org.testng.ITestResult)[pri:0, instance:com.sevenRMartSuperMarketTestScripts.ManageUsersTest@60611244]" name="browserQuit" is-config="true" duration-ms="1282" started-at="2023-04-28T19:59:33 IST" finished-at="2023-04-28T19:59:35 IST">
          <params>
            <param index="0">
              <value>
                <![CDATA[[TestResult name=manageUsersSearchButtonBackGround status=SUCCESS method=ManageUsersTest.manageUsersSearchButtonBackGround()[pri:0, instance:com.sevenRMartSuperMarketTestScripts.ManageUsersTest@60611244] output={null}]]]>
              </value>
            </param>
          </params>
          <reporter-output>
          </reporter-output>
        </test-method> <!-- browserQuit -->
        <test-method status="PASS" signature="initialiseBrowser(java.lang.String)[pri:0, instance:com.sevenRMartSuperMarketTestScripts.ManageUsersTest@60611244]" name="initialiseBrowser" is-config="true" duration-ms="19537" started-at="2023-04-28T19:59:35 IST" finished-at="2023-04-28T19:59:54 IST">
          <params>
            <param index="0">
              <value>
                <![CDATA[chrome]]>
              </value>
            </param>
          </params>
          <reporter-output>
          </reporter-output>
        </test-method> <!-- initialiseBrowser -->
        <test-method status="PASS" signature="searchUsersInManageUsers()[pri:0, instance:com.sevenRMartSuperMarketTestScripts.ManageUsersTest@60611244]" name="searchUsersInManageUsers" duration-ms="3769" started-at="2023-04-28T19:59:54 IST" finished-at="2023-04-28T19:59:58 IST">
          <reporter-output>
          </reporter-output>
        </test-method> <!-- searchUsersInManageUsers -->
        <test-method status="PASS" signature="browserQuit(org.testng.ITestResult)[pri:0, instance:com.sevenRMartSuperMarketTestScripts.ManageUsersTest@60611244]" name="browserQuit" is-config="true" duration-ms="1190" started-at="2023-04-28T19:59:58 IST" finished-at="2023-04-28T19:59:59 IST">
          <params>
            <param index="0">
              <value>
                <![CDATA[[TestResult name=searchUsersInManageUsers status=SUCCESS method=ManageUsersTest.searchUsersInManageUsers()[pri:0, instance:com.sevenRMartSuperMarketTestScripts.ManageUsersTest@60611244] output={null}]]]>
              </value>
            </param>
          </params>
          <reporter-output>
          </reporter-output>
        </test-method> <!-- browserQuit -->
      </class> <!-- com.sevenRMartSuperMarketTestScripts.ManageUsersTest -->
      <class name="com.sevenRMartSuperMarketTestScripts.PushNotificationsTest">
        <test-method status="PASS" signature="initialiseBrowser(java.lang.String)[pri:0, instance:com.sevenRMartSuperMarketTestScripts.PushNotificationsTest@71c8becc]" name="initialiseBrowser" is-config="true" duration-ms="18674" started-at="2023-04-28T20:02:17 IST" finished-at="2023-04-28T20:02:36 IST">
          <params>
            <param index="0">
              <value>
                <![CDATA[chrome]]>
              </value>
            </param>
          </params>
          <reporter-output>
          </reporter-output>
        </test-method> <!-- initialiseBrowser -->
        <test-method status="PASS" signature="verifyAnAlertMessageIsSendByEnteringTitleAndDescriptionAndClickSend(java.lang.String,java.lang.String)[pri:0, instance:com.sevenRMartSuperMarketTestScripts.PushNotificationsTest@71c8becc]" name="verifyAnAlertMessageIsSendByEnteringTitleAndDescriptionAndClickSend" duration-ms="4749" started-at="2023-04-28T20:02:36 IST" finished-at="2023-04-28T20:02:41 IST">
          <params>
            <param index="0">
              <value>
                <![CDATA[admin]]>
              </value>
            </param>
            <param index="1">
              <value>
                <![CDATA[admin]]>
              </value>
            </param>
          </params>
          <reporter-output>
          </reporter-output>
        </test-method> <!-- verifyAnAlertMessageIsSendByEnteringTitleAndDescriptionAndClickSend -->
        <test-method status="PASS" signature="browserQuit(org.testng.ITestResult)[pri:0, instance:com.sevenRMartSuperMarketTestScripts.PushNotificationsTest@71c8becc]" name="browserQuit" is-config="true" duration-ms="1347" started-at="2023-04-28T20:02:41 IST" finished-at="2023-04-28T20:02:42 IST">
          <params>
            <param index="0">
              <value>
                <![CDATA[[TestResult name=verifyAnAlertMessageIsSendByEnteringTitleAndDescriptionAndClickSend status=SUCCESS method=PushNotificationsTest.verifyAnAlertMessageIsSendByEnteringTitleAndDescriptionAndClickSend(java.lang.String,java.lang.String)[pri:0, instance:com.sevenRMartSuperMarketTestScripts.PushNotificationsTest@71c8becc] output={null}]]]>
              </value>
            </param>
          </params>
          <reporter-output>
          </reporter-output>
        </test-method> <!-- browserQuit -->
      </class> <!-- com.sevenRMartSuperMarketTestScripts.PushNotificationsTest -->
      <class name="com.sevenRMartSuperMarketTestScripts.LoginTest">
        <test-method status="PASS" signature="initialiseBrowser(java.lang.String)[pri:0, instance:com.sevenRMartSuperMarketTestScripts.LoginTest@5e4c8041]" name="initialiseBrowser" is-config="true" duration-ms="19442" started-at="2023-04-28T20:00:42 IST" finished-at="2023-04-28T20:01:02 IST">
          <params>
            <param index="0">
              <value>
                <![CDATA[chrome]]>
              </value>
            </param>
          </params>
          <reporter-output>
          </reporter-output>
        </test-method> <!-- initialiseBrowser -->
        <test-method status="PASS" signature="loginWithValidCredentials(java.lang.String,java.lang.String)[pri:1, instance:com.sevenRMartSuperMarketTestScripts.LoginTest@5e4c8041]" name="loginWithValidCredentials" duration-ms="1340" started-at="2023-04-28T20:01:02 IST" finished-at="2023-04-28T20:01:03 IST">
          <params>
            <param index="0">
              <value>
                <![CDATA[admin]]>
              </value>
            </param>
            <param index="1">
              <value>
                <![CDATA[admin]]>
              </value>
            </param>
          </params>
          <reporter-output>
          </reporter-output>
        </test-method> <!-- loginWithValidCredentials -->
        <test-method status="PASS" signature="browserQuit(org.testng.ITestResult)[pri:0, instance:com.sevenRMartSuperMarketTestScripts.LoginTest@5e4c8041]" name="browserQuit" is-config="true" duration-ms="1030" started-at="2023-04-28T20:01:03 IST" finished-at="2023-04-28T20:01:04 IST">
          <params>
            <param index="0">
              <value>
                <![CDATA[[TestResult name=loginWithValidCredentials status=SUCCESS method=LoginTest.loginWithValidCredentials(java.lang.String,java.lang.String)[pri:1, instance:com.sevenRMartSuperMarketTestScripts.LoginTest@5e4c8041] output={null}]]]>
              </value>
            </param>
          </params>
          <reporter-output>
          </reporter-output>
        </test-method> <!-- browserQuit -->
        <test-method status="PASS" signature="initialiseBrowser(java.lang.String)[pri:0, instance:com.sevenRMartSuperMarketTestScripts.LoginTest@5e4c8041]" name="initialiseBrowser" is-config="true" duration-ms="20306" started-at="2023-04-28T20:01:04 IST" finished-at="2023-04-28T20:01:25 IST">
          <params>
            <param index="0">
              <value>
                <![CDATA[chrome]]>
              </value>
            </param>
          </params>
          <reporter-output>
          </reporter-output>
        </test-method> <!-- initialiseBrowser -->
        <test-method status="PASS" signature="loginWithInValidCredentials(java.lang.String,java.lang.String)[pri:2, instance:com.sevenRMartSuperMarketTestScripts.LoginTest@5e4c8041]" name="loginWithInValidCredentials" duration-ms="801" started-at="2023-04-28T20:01:25 IST" data-provider="LoginProvider" finished-at="2023-04-28T20:01:25 IST">
          <params>
            <param index="0">
              <value>
                <![CDATA[admin]]>
              </value>
            </param>
            <param index="1">
              <value>
                <![CDATA[admin123]]>
              </value>
            </param>
          </params>
          <reporter-output>
          </reporter-output>
        </test-method> <!-- loginWithInValidCredentials -->
        <test-method status="PASS" signature="browserQuit(org.testng.ITestResult)[pri:0, instance:com.sevenRMartSuperMarketTestScripts.LoginTest@5e4c8041]" name="browserQuit" is-config="true" duration-ms="971" started-at="2023-04-28T20:01:25 IST" finished-at="2023-04-28T20:01:26 IST">
          <params>
            <param index="0">
              <value>
                <![CDATA[[TestResult name=loginWithInValidCredentials status=SUCCESS method=LoginTest.loginWithInValidCredentials(java.lang.String,java.lang.String)[pri:2, instance:com.sevenRMartSuperMarketTestScripts.LoginTest@5e4c8041] output={null}]]]>
              </value>
            </param>
          </params>
          <reporter-output>
          </reporter-output>
        </test-method> <!-- browserQuit -->
        <test-method status="PASS" signature="initialiseBrowser(java.lang.String)[pri:0, instance:com.sevenRMartSuperMarketTestScripts.LoginTest@5e4c8041]" name="initialiseBrowser" is-config="true" duration-ms="20782" started-at="2023-04-28T20:01:26 IST" finished-at="2023-04-28T20:01:47 IST">
          <params>
            <param index="0">
              <value>
                <![CDATA[chrome]]>
              </value>
            </param>
          </params>
          <reporter-output>
          </reporter-output>
        </test-method> <!-- initialiseBrowser -->
        <test-method status="PASS" signature="loginWithInValidCredentials(java.lang.String,java.lang.String)[pri:2, instance:com.sevenRMartSuperMarketTestScripts.LoginTest@5e4c8041]" name="loginWithInValidCredentials" duration-ms="1441" started-at="2023-04-28T20:01:47 IST" data-provider="LoginProvider" finished-at="2023-04-28T20:01:49 IST">
          <params>
            <param index="0">
              <value>
                <![CDATA[admin1]]>
              </value>
            </param>
            <param index="1">
              <value>
                <![CDATA[admin]]>
              </value>
            </param>
          </params>
          <reporter-output>
          </reporter-output>
        </test-method> <!-- loginWithInValidCredentials -->
        <test-method status="PASS" signature="browserQuit(org.testng.ITestResult)[pri:0, instance:com.sevenRMartSuperMarketTestScripts.LoginTest@5e4c8041]" name="browserQuit" is-config="true" duration-ms="3701" started-at="2023-04-28T20:01:49 IST" finished-at="2023-04-28T20:01:52 IST">
          <params>
            <param index="0">
              <value>
                <![CDATA[[TestResult name=loginWithInValidCredentials status=SUCCESS method=LoginTest.loginWithInValidCredentials(java.lang.String,java.lang.String)[pri:2, instance:com.sevenRMartSuperMarketTestScripts.LoginTest@5e4c8041] output={null}]]]>
              </value>
            </param>
          </params>
          <reporter-output>
          </reporter-output>
        </test-method> <!-- browserQuit -->
        <test-method status="PASS" signature="initialiseBrowser(java.lang.String)[pri:0, instance:com.sevenRMartSuperMarketTestScripts.LoginTest@5e4c8041]" name="initialiseBrowser" is-config="true" duration-ms="19204" started-at="2023-04-28T20:01:52 IST" finished-at="2023-04-28T20:02:11 IST">
          <params>
            <param index="0">
              <value>
                <![CDATA[chrome]]>
              </value>
            </param>
          </params>
          <reporter-output>
          </reporter-output>
        </test-method> <!-- initialiseBrowser -->
        <test-method status="PASS" signature="loginWithInValidCredentials(java.lang.String,java.lang.String)[pri:2, instance:com.sevenRMartSuperMarketTestScripts.LoginTest@5e4c8041]" name="loginWithInValidCredentials" duration-ms="2714" started-at="2023-04-28T20:02:11 IST" data-provider="LoginProvider" finished-at="2023-04-28T20:02:14 IST">
          <params>
            <param index="0">
              <value>
                <![CDATA[Admin]]>
              </value>
            </param>
            <param index="1">
              <value>
                <![CDATA[adminnew]]>
              </value>
            </param>
          </params>
          <reporter-output>
          </reporter-output>
        </test-method> <!-- loginWithInValidCredentials -->
        <test-method status="PASS" signature="browserQuit(org.testng.ITestResult)[pri:0, instance:com.sevenRMartSuperMarketTestScripts.LoginTest@5e4c8041]" name="browserQuit" is-config="true" duration-ms="3140" started-at="2023-04-28T20:02:14 IST" finished-at="2023-04-28T20:02:17 IST">
          <params>
            <param index="0">
              <value>
                <![CDATA[[TestResult name=loginWithInValidCredentials status=SUCCESS method=LoginTest.loginWithInValidCredentials(java.lang.String,java.lang.String)[pri:2, instance:com.sevenRMartSuperMarketTestScripts.LoginTest@5e4c8041] output={null}]]]>
              </value>
            </param>
          </params>
          <reporter-output>
          </reporter-output>
        </test-method> <!-- browserQuit -->
      </class> <!-- com.sevenRMartSuperMarketTestScripts.LoginTest -->
    </test> <!-- Test -->
  </suite> <!-- Suite -->
</testng-results>
