<?xml version="1.0" encoding="UTF-8"?>
<testng-results ignored="0" total="4" passed="3" failed="1" skipped="0">
  <reporter-output>
  </reporter-output>
  <suite started-at="2023-04-28T20:21:36 IST" name="Suite" finished-at="2023-04-28T20:23:00 IST" duration-ms="83662">
    <groups>
    </groups>
    <test started-at="2023-04-28T20:21:36 IST" name="Test" finished-at="2023-04-28T20:23:00 IST" duration-ms="83662">
      <class name="com.sevenRMartSuperMarketTestScripts.ManageOrdersTest">
        <test-method is-config="true" signature="initialiseBrowser(java.lang.String)[pri:0, instance:com.sevenRMartSuperMarketTestScripts.ManageOrdersTest@5b3f61ff]" started-at="2023-04-28T20:21:36 IST" name="initialiseBrowser" finished-at="2023-04-28T20:21:55 IST" duration-ms="19232" status="PASS">
          <params>
            <param index="0">
              <value>
                <![CDATA[chrome]]>
              </value>
            </param>
          </params>
          <reporter-output>
          </reporter-output>
        </test-method> <!-- initialiseBrowser -->
        <test-method signature="verifyChangeStausUpdatedIsUpdatedInListOrderTable(java.lang.String,java.lang.String)[pri:0, instance:com.sevenRMartSuperMarketTestScripts.ManageOrdersTest@5b3f61ff]" started-at="2023-04-28T20:21:55 IST" name="verifyChangeStausUpdatedIsUpdatedInListOrderTable" finished-at="2023-04-28T20:21:59 IST" duration-ms="3518" status="PASS">
          <params>
            <param index="0">
              <value>
                <![CDATA[admin]]>
              </value>
            </param>
            <param index="1">
              <value>
                <![CDATA[admin]]>
              </value>
            </param>
          </params>
          <reporter-output>
          </reporter-output>
        </test-method> <!-- verifyChangeStausUpdatedIsUpdatedInListOrderTable -->
        <test-method is-config="true" signature="browserQuit(org.testng.ITestResult)[pri:0, instance:com.sevenRMartSuperMarketTestScripts.ManageOrdersTest@5b3f61ff]" started-at="2023-04-28T20:21:59 IST" name="browserQuit" finished-at="2023-04-28T20:21:59 IST" duration-ms="424" status="PASS">
          <params>
            <param index="0">
              <value>
                <![CDATA[[TestResult name=verifyChangeStausUpdatedIsUpdatedInListOrderTable status=SUCCESS method=ManageOrdersTest.verifyChangeStausUpdatedIsUpdatedInListOrderTable(java.lang.String,java.lang.String)[pri:0, instance:com.sevenRMartSuperMarketTestScripts.ManageOrdersTest@5b3f61ff] output={null}]]]>
              </value>
            </param>
          </params>
          <reporter-output>
          </reporter-output>
        </test-method> <!-- browserQuit -->
        <test-method is-config="true" signature="initialiseBrowser(java.lang.String)[pri:0, instance:com.sevenRMartSuperMarketTestScripts.ManageOrdersTest@5b3f61ff]" started-at="2023-04-28T20:21:59 IST" name="initialiseBrowser" finished-at="2023-04-28T20:22:16 IST" duration-ms="16956" status="PASS">
          <params>
            <param index="0">
              <value>
                <![CDATA[chrome]]>
              </value>
            </param>
          </params>
          <reporter-output>
          </reporter-output>
        </test-method> <!-- initialiseBrowser -->
        <test-method signature="verifyUsersCanAbleToDeleteOrderDetailsFromListOrderTable(java.lang.String,java.lang.String)[pri:0, instance:com.sevenRMartSuperMarketTestScripts.ManageOrdersTest@5b3f61ff]" started-at="2023-04-28T20:22:16 IST" name="verifyUsersCanAbleToDeleteOrderDetailsFromListOrderTable" finished-at="2023-04-28T20:22:18 IST" duration-ms="1800" status="FAIL">
          <params>
            <param index="0">
              <value>
                <![CDATA[admin]]>
              </value>
            </param>
            <param index="1">
              <value>
                <![CDATA[admin]]>
              </value>
            </param>
          </params>
          <exception class="org.openqa.selenium.InvalidSelectorException">
            <message>
              <![CDATA[invalid selector: Unable to locate an element with the xpath expression //a[@onclick='return confirm('Do you want to delete this Order?')'] because of the following error:
SyntaxError: Failed to execute 'evaluate' on 'Document': The string '//a[@onclick='return confirm('Do you want to delete this Order?')']' is not a valid XPath expression.
  (Session info: chrome=112.0.5615.138)
For documentation on this error, please visit: https://selenium.dev/exceptions/#invalid_selector_exception
Build info: version: '4.8.3', revision: 'e5e76298c3'
System info: os.name: 'Windows 10', os.arch: 'amd64', os.version: '10.0', java.version: '17.0.1'
Driver info: org.openqa.selenium.chrome.ChromeDriver
Command: [63b988f18fd4f194e9d7b3a2ed61df3a, findElement {using=xpath, value=//a[@onclick='return confirm('Do you want to delete this Order?')']}]
Capabilities {acceptInsecureCerts: false, browserName: chrome, browserVersion: 112.0.5615.138, chrome: {chromedriverVersion: 112.0.5615.49 (bd2a7bcb881c..., userDataDir: C:\Users\SHALU\AppData\Loca...}, goog:chromeOptions: {debuggerAddress: localhost:64616}, networkConnectionEnabled: false, pageLoadStrategy: normal, platformName: WINDOWS, proxy: Proxy(), se:cdp: ws://localhost:64616/devtoo..., se:cdpVersion: 112.0.5615.138, setWindowRect: true, strictFileInteractability: false, timeouts: {implicit: 0, pageLoad: 300000, script: 30000}, unhandledPromptBehavior: dismiss and notify, webauthn:extension:credBlob: true, webauthn:extension:largeBlob: true, webauthn:extension:minPinLength: true, webauthn:extension:prf: true, webauthn:virtualAuthenticators: true}
Session ID: 63b988f18fd4f194e9d7b3a2ed61df3a]]>
            </message>
            <full-stacktrace>
              <![CDATA[org.openqa.selenium.InvalidSelectorException: invalid selector: Unable to locate an element with the xpath expression //a[@onclick='return confirm('Do you want to delete this Order?')'] because of the following error:
SyntaxError: Failed to execute 'evaluate' on 'Document': The string '//a[@onclick='return confirm('Do you want to delete this Order?')']' is not a valid XPath expression.
  (Session info: chrome=112.0.5615.138)
For documentation on this error, please visit: https://selenium.dev/exceptions/#invalid_selector_exception
Build info: version: '4.8.3', revision: 'e5e76298c3'
System info: os.name: 'Windows 10', os.arch: 'amd64', os.version: '10.0', java.version: '17.0.1'
Driver info: org.openqa.selenium.chrome.ChromeDriver
Command: [63b988f18fd4f194e9d7b3a2ed61df3a, findElement {using=xpath, value=//a[@onclick='return confirm('Do you want to delete this Order?')']}]
Capabilities {acceptInsecureCerts: false, browserName: chrome, browserVersion: 112.0.5615.138, chrome: {chromedriverVersion: 112.0.5615.49 (bd2a7bcb881c..., userDataDir: C:\Users\SHALU\AppData\Loca...}, goog:chromeOptions: {debuggerAddress: localhost:64616}, networkConnectionEnabled: false, pageLoadStrategy: normal, platformName: WINDOWS, proxy: Proxy(), se:cdp: ws://localhost:64616/devtoo..., se:cdpVersion: 112.0.5615.138, setWindowRect: true, strictFileInteractability: false, timeouts: {implicit: 0, pageLoad: 300000, script: 30000}, unhandledPromptBehavior: dismiss and notify, webauthn:extension:credBlob: true, webauthn:extension:largeBlob: true, webauthn:extension:minPinLength: true, webauthn:extension:prf: true, webauthn:virtualAuthenticators: true}
Session ID: 63b988f18fd4f194e9d7b3a2ed61df3a
at java.base/jdk.internal.reflect.NativeConstructorAccessorImpl.newInstance0(Native Method)
at java.base/jdk.internal.reflect.NativeConstructorAccessorImpl.newInstance(NativeConstructorAccessorImpl.java:77)
at java.base/jdk.internal.reflect.DelegatingConstructorAccessorImpl.newInstance(DelegatingConstructorAccessorImpl.java:45)
at java.base/java.lang.reflect.Constructor.newInstanceWithCaller(Constructor.java:499)
at java.base/java.lang.reflect.Constructor.newInstance(Constructor.java:480)
at org.openqa.selenium.remote.codec.w3c.W3CHttpResponseCodec.createException(W3CHttpResponseCodec.java:200)
at org.openqa.selenium.remote.codec.w3c.W3CHttpResponseCodec.decode(W3CHttpResponseCodec.java:133)
at org.openqa.selenium.remote.codec.w3c.W3CHttpResponseCodec.decode(W3CHttpResponseCodec.java:53)
at org.openqa.selenium.remote.HttpCommandExecutor.execute(HttpCommandExecutor.java:193)
at org.openqa.selenium.remote.service.DriverCommandExecutor.invokeExecute(DriverCommandExecutor.java:183)
at org.openqa.selenium.remote.service.DriverCommandExecutor.execute(DriverCommandExecutor.java:158)
at org.openqa.selenium.remote.RemoteWebDriver.execute(RemoteWebDriver.java:543)
at org.openqa.selenium.remote.ElementLocation$ElementFinder$2.findElement(ElementLocation.java:162)
at org.openqa.selenium.remote.ElementLocation.findElement(ElementLocation.java:60)
at org.openqa.selenium.remote.RemoteWebDriver.findElement(RemoteWebDriver.java:352)
at org.openqa.selenium.remote.RemoteWebDriver.findElement(RemoteWebDriver.java:344)
at org.openqa.selenium.support.pagefactory.DefaultElementLocator.findElement(DefaultElementLocator.java:70)
at org.openqa.selenium.support.pagefactory.internal.LocatingElementHandler.invoke(LocatingElementHandler.java:39)
at jdk.proxy2/jdk.proxy2.$Proxy17.click(Unknown Source)
at com.sevenRMartSuperMarketPages.ManageOrdersPage.ClickOndeleteButtonOrderDetailsInListOrderTable(ManageOrdersPage.java:106)
at com.sevenRMartSuperMarketTestScripts.ManageOrdersTest.verifyUsersCanAbleToDeleteOrderDetailsFromListOrderTable(ManageOrdersTest.java:68)
at java.base/jdk.internal.reflect.NativeMethodAccessorImpl.invoke0(Native Method)
at java.base/jdk.internal.reflect.NativeMethodAccessorImpl.invoke(NativeMethodAccessorImpl.java:77)
at java.base/jdk.internal.reflect.DelegatingMethodAccessorImpl.invoke(DelegatingMethodAccessorImpl.java:43)
at java.base/java.lang.reflect.Method.invoke(Method.java:568)
at org.testng.internal.invokers.MethodInvocationHelper.invokeMethod(MethodInvocationHelper.java:135)
at org.testng.internal.invokers.TestInvoker.invokeMethod(TestInvoker.java:673)
at org.testng.internal.invokers.TestInvoker.invokeTestMethod(TestInvoker.java:220)
at org.testng.internal.invokers.MethodRunner.runInSequence(MethodRunner.java:50)
at org.testng.internal.invokers.TestInvoker$MethodInvocationAgent.invoke(TestInvoker.java:945)
at org.testng.internal.invokers.TestInvoker.invokeTestMethods(TestInvoker.java:193)
at org.testng.internal.invokers.TestMethodWorker.invokeTestMethods(TestMethodWorker.java:146)
at org.testng.internal.invokers.TestMethodWorker.run(TestMethodWorker.java:128)
at java.base/java.util.ArrayList.forEach(ArrayList.java:1511)
at org.testng.TestRunner.privateRun(TestRunner.java:808)
at org.testng.TestRunner.run(TestRunner.java:603)
at org.testng.SuiteRunner.runTest(SuiteRunner.java:429)
at org.testng.SuiteRunner.runSequentially(SuiteRunner.java:423)
at org.testng.SuiteRunner.privateRun(SuiteRunner.java:383)
at org.testng.SuiteRunner.run(SuiteRunner.java:326)
at org.testng.SuiteRunnerWorker.runSuite(SuiteRunnerWorker.java:52)
at org.testng.SuiteRunnerWorker.run(SuiteRunnerWorker.java:95)
at org.testng.TestNG.runSuitesSequentially(TestNG.java:1249)
at org.testng.TestNG.runSuitesLocally(TestNG.java:1169)
at org.testng.TestNG.runSuites(TestNG.java:1092)
at org.testng.TestNG.run(TestNG.java:1060)
at org.testng.remote.AbstractRemoteTestNG.run(AbstractRemoteTestNG.java:115)
at org.testng.remote.RemoteTestNG.initAndRun(RemoteTestNG.java:251)
at org.testng.remote.RemoteTestNG.main(RemoteTestNG.java:77)
]]>
            </full-stacktrace>
          </exception> <!-- org.openqa.selenium.InvalidSelectorException -->
          <reporter-output>
          </reporter-output>
        </test-method> <!-- verifyUsersCanAbleToDeleteOrderDetailsFromListOrderTable -->
        <test-method is-config="true" signature="browserQuit(org.testng.ITestResult)[pri:0, instance:com.sevenRMartSuperMarketTestScripts.ManageOrdersTest@5b3f61ff]" started-at="2023-04-28T20:22:18 IST" name="browserQuit" finished-at="2023-04-28T20:22:19 IST" duration-ms="480" status="PASS">
          <params>
            <param index="0">
              <value>
                <![CDATA[[TestResult name=verifyUsersCanAbleToDeleteOrderDetailsFromListOrderTable status=FAILURE method=ManageOrdersTest.verifyUsersCanAbleToDeleteOrderDetailsFromListOrderTable(java.lang.String,java.lang.String)[pri:0, instance:com.sevenRMartSuperMarketTestScripts.ManageOrdersTest@5b3f61ff] output={null}]]]>
              </value>
            </param>
          </params>
          <reporter-output>
          </reporter-output>
        </test-method> <!-- browserQuit -->
        <test-method is-config="true" signature="initialiseBrowser(java.lang.String)[pri:0, instance:com.sevenRMartSuperMarketTestScripts.ManageOrdersTest@5b3f61ff]" started-at="2023-04-28T20:22:19 IST" name="initialiseBrowser" finished-at="2023-04-28T20:22:36 IST" duration-ms="17110" status="PASS">
          <params>
            <param index="0">
              <value>
                <![CDATA[chrome]]>
              </value>
            </param>
          </params>
          <reporter-output>
          </reporter-output>
        </test-method> <!-- initialiseBrowser -->
        <test-method signature="verifyUsersCanViewOrderDetailsInManageOrdersPageByClickingViewInListOrdersTable(java.lang.String,java.lang.String)[pri:0, instance:com.sevenRMartSuperMarketTestScripts.ManageOrdersTest@5b3f61ff]" started-at="2023-04-28T20:22:36 IST" name="verifyUsersCanViewOrderDetailsInManageOrdersPageByClickingViewInListOrdersTable" finished-at="2023-04-28T20:22:38 IST" duration-ms="2069" status="PASS">
          <params>
            <param index="0">
              <value>
                <![CDATA[admin]]>
              </value>
            </param>
            <param index="1">
              <value>
                <![CDATA[admin]]>
              </value>
            </param>
          </params>
          <reporter-output>
          </reporter-output>
        </test-method> <!-- verifyUsersCanViewOrderDetailsInManageOrdersPageByClickingViewInListOrdersTable -->
        <test-method is-config="true" signature="browserQuit(org.testng.ITestResult)[pri:0, instance:com.sevenRMartSuperMarketTestScripts.ManageOrdersTest@5b3f61ff]" started-at="2023-04-28T20:22:38 IST" name="browserQuit" finished-at="2023-04-28T20:22:38 IST" duration-ms="549" status="PASS">
          <params>
            <param index="0">
              <value>
                <![CDATA[[TestResult name=verifyUsersCanViewOrderDetailsInManageOrdersPageByClickingViewInListOrdersTable status=SUCCESS method=ManageOrdersTest.verifyUsersCanViewOrderDetailsInManageOrdersPageByClickingViewInListOrdersTable(java.lang.String,java.lang.String)[pri:0, instance:com.sevenRMartSuperMarketTestScripts.ManageOrdersTest@5b3f61ff] output={null}]]]>
              </value>
            </param>
          </params>
          <reporter-output>
          </reporter-output>
        </test-method> <!-- browserQuit -->
        <test-method is-config="true" signature="initialiseBrowser(java.lang.String)[pri:0, instance:com.sevenRMartSuperMarketTestScripts.ManageOrdersTest@5b3f61ff]" started-at="2023-04-28T20:22:38 IST" name="initialiseBrowser" finished-at="2023-04-28T20:22:56 IST" duration-ms="17205" status="PASS">
          <params>
            <param index="0">
              <value>
                <![CDATA[chrome]]>
              </value>
            </param>
          </params>
          <reporter-output>
          </reporter-output>
        </test-method> <!-- initialiseBrowser -->
        <test-method signature="verifydeliveryBoyIsAssignedForEverOrderCanBeUpdtedInListOrderTable(java.lang.String,java.lang.String)[pri:0, instance:com.sevenRMartSuperMarketTestScripts.ManageOrdersTest@5b3f61ff]" started-at="2023-04-28T20:22:56 IST" name="verifydeliveryBoyIsAssignedForEverOrderCanBeUpdtedInListOrderTable" finished-at="2023-04-28T20:22:59 IST" duration-ms="3800" status="PASS">
          <params>
            <param index="0">
              <value>
                <![CDATA[admin]]>
              </value>
            </param>
            <param index="1">
              <value>
                <![CDATA[admin]]>
              </value>
            </param>
          </params>
          <reporter-output>
          </reporter-output>
        </test-method> <!-- verifydeliveryBoyIsAssignedForEverOrderCanBeUpdtedInListOrderTable -->
        <test-method is-config="true" signature="browserQuit(org.testng.ITestResult)[pri:0, instance:com.sevenRMartSuperMarketTestScripts.ManageOrdersTest@5b3f61ff]" started-at="2023-04-28T20:22:59 IST" name="browserQuit" finished-at="2023-04-28T20:23:00 IST" duration-ms="433" status="PASS">
          <params>
            <param index="0">
              <value>
                <![CDATA[[TestResult name=verifydeliveryBoyIsAssignedForEverOrderCanBeUpdtedInListOrderTable status=SUCCESS method=ManageOrdersTest.verifydeliveryBoyIsAssignedForEverOrderCanBeUpdtedInListOrderTable(java.lang.String,java.lang.String)[pri:0, instance:com.sevenRMartSuperMarketTestScripts.ManageOrdersTest@5b3f61ff] output={null}]]]>
              </value>
            </param>
          </params>
          <reporter-output>
          </reporter-output>
        </test-method> <!-- browserQuit -->
      </class> <!-- com.sevenRMartSuperMarketTestScripts.ManageOrdersTest -->
    </test> <!-- Test -->
  </suite> <!-- Suite -->
</testng-results>
