<html>
<head>
<title>TestNG:  Test</title>
<link href="../testng.css" rel="stylesheet" type="text/css" />
<link href="../my-testng.css" rel="stylesheet" type="text/css" />

<style type="text/css">
.log { display: none;} 
.stack-trace { display: none;} 
</style>
<script type="text/javascript">
<!--
function flip(e) {
  current = e.style.display;
  if (current == 'block') {
    e.style.display = 'none';
    return 0;
  }
  else {
    e.style.display = 'block';
    return 1;
  }
}

function toggleBox(szDivId, elem, msg1, msg2)
{
  var res = -1;  if (document.getElementById) {
    res = flip(document.getElementById(szDivId));
  }
  else if (document.all) {
    // this is the way old msie versions work
    res = flip(document.all[szDivId]);
  }
  if(elem) {
    if(res == 0) elem.innerHTML = msg1; else elem.innerHTML = msg2;
  }

}

function toggleAllBoxes() {
  if (document.getElementsByTagName) {
    d = document.getElementsByTagName('div');
    for (i = 0; i < d.length; i++) {
      if (d[i].className == 'log') {
        flip(d[i]);
      }
    }
  }
}

// -->
</script>

</head>
<body>
<h2 align='center'>Test</h2><table border='1' align="center">
<tr>
<td>Tests passed/Failed/Skipped:</td><td>26/4/0</td>
</tr><tr>
<td>Started on:</td><td>Fri Apr 28 19:52:36 IST 2023</td>
</tr>
<tr><td>Total time:</td><td>678 seconds (678466 ms)</td>
</tr><tr>
<td>Included groups:</td><td></td>
</tr><tr>
<td>Excluded groups:</td><td></td>
</tr>
</table><p/>
<small><i>(Hover the method name to see the test class name)</i></small><p/>
<table width='100%' border='1' class='invocation-failed'>
<tr><td colspan='4' align='center'><b>FAILED TESTS</b></td></tr>
<tr><td><b>Test method</b></td>
<td width="30%"><b>Exception</b></td>
<td width="10%"><b>Time (seconds)</b></td>
<td><b>Instance</b></td>
</tr>
<tr>
<td title='com.sevenRMartSuperMarketTestScripts.HomePageTest.getStylePropertyAlignmentOfMoreInfoInHomePage()'><b>getStylePropertyAlignmentOfMoreInfoInHomePage</b><br>Test class: com.sevenRMartSuperMarketTestScripts.HomePageTest<br>Parameters: admin, admin</td>
<td><div><pre>java.lang.IllegalStateException: Cannot get a NUMERIC value from a STRING cell
	at org.apache.poi.xssf.usermodel.XSSFCell.typeMismatch(XSSFCell.java:1035)
	at org.apache.poi.xssf.usermodel.XSSFCell.getNumericCellValue(XSSFCell.java:319)
	at Utilities.ExcelUtility.getNumeric(ExcelUtility.java:75)
	at com.sevenRMartSuperMarketTestScripts.HomePageTest.getStylePropertyAlignmentOfMoreInfoInHomePage(HomePageTest.java:37)
	at java.util.ArrayList.forEach(ArrayList.java:1257)
... Removed 31 stack frames</pre></div><a href='#' onClick='toggleBox("stack-trace1775897362", this, "Click to show all stack frames", "Click to hide stack frames")'>Click to show all stack frames</a>
<div class='stack-trace' id='stack-trace1775897362'><pre>java.lang.IllegalStateException: Cannot get a NUMERIC value from a STRING cell
	at org.apache.poi.xssf.usermodel.XSSFCell.typeMismatch(XSSFCell.java:1035)
	at org.apache.poi.xssf.usermodel.XSSFCell.getNumericCellValue(XSSFCell.java:319)
	at Utilities.ExcelUtility.getNumeric(ExcelUtility.java:75)
	at com.sevenRMartSuperMarketTestScripts.HomePageTest.getStylePropertyAlignmentOfMoreInfoInHomePage(HomePageTest.java:37)
	at sun.reflect.NativeMethodAccessorImpl.invoke0(Native Method)
	at sun.reflect.NativeMethodAccessorImpl.invoke(NativeMethodAccessorImpl.java:62)
	at sun.reflect.DelegatingMethodAccessorImpl.invoke(DelegatingMethodAccessorImpl.java:43)
	at java.lang.reflect.Method.invoke(Method.java:498)
	at org.testng.internal.invokers.MethodInvocationHelper.invokeMethod(MethodInvocationHelper.java:135)
	at org.testng.internal.invokers.TestInvoker.invokeMethod(TestInvoker.java:673)
	at org.testng.internal.invokers.TestInvoker.invokeTestMethod(TestInvoker.java:220)
	at org.testng.internal.invokers.MethodRunner.runInSequence(MethodRunner.java:50)
	at org.testng.internal.invokers.TestInvoker$MethodInvocationAgent.invoke(TestInvoker.java:945)
	at org.testng.internal.invokers.TestInvoker.invokeTestMethods(TestInvoker.java:193)
	at org.testng.internal.invokers.TestMethodWorker.invokeTestMethods(TestMethodWorker.java:146)
	at org.testng.internal.invokers.TestMethodWorker.run(TestMethodWorker.java:128)
	at java.util.ArrayList.forEach(ArrayList.java:1257)
	at org.testng.TestRunner.privateRun(TestRunner.java:808)
	at org.testng.TestRunner.run(TestRunner.java:603)
	at org.testng.SuiteRunner.runTest(SuiteRunner.java:429)
	at org.testng.SuiteRunner.runSequentially(SuiteRunner.java:423)
	at org.testng.SuiteRunner.privateRun(SuiteRunner.java:383)
	at org.testng.SuiteRunner.run(SuiteRunner.java:326)
	at org.testng.SuiteRunnerWorker.runSuite(SuiteRunnerWorker.java:52)
	at org.testng.SuiteRunnerWorker.run(SuiteRunnerWorker.java:95)
	at org.testng.TestNG.runSuitesSequentially(TestNG.java:1249)
	at org.testng.TestNG.runSuitesLocally(TestNG.java:1169)
	at org.testng.TestNG.runSuites(TestNG.java:1092)
	at org.testng.TestNG.run(TestNG.java:1060)
	at org.apache.maven.surefire.testng.TestNGExecutor.run(TestNGExecutor.java:284)
	at org.apache.maven.surefire.testng.TestNGXmlTestSuite.execute(TestNGXmlTestSuite.java:75)
	at org.apache.maven.surefire.testng.TestNGProvider.invoke(TestNGProvider.java:119)
	at org.apache.maven.surefire.booter.ForkedBooter.runSuitesInProcess(ForkedBooter.java:428)
	at org.apache.maven.surefire.booter.ForkedBooter.execute(ForkedBooter.java:162)
	at org.apache.maven.surefire.booter.ForkedBooter.run(ForkedBooter.java:562)
	at org.apache.maven.surefire.booter.ForkedBooter.main(ForkedBooter.java:548)
</pre></div></td>
<td>1</td>
<td>com.sevenRMartSuperMarketTestScripts.HomePageTest@2d9d4f9d</td></tr>
<tr>
<td title='com.sevenRMartSuperMarketTestScripts.ManageOrdersTest.verifyUsersCanAbleToDeleteOrderDetailsFromListOrderTable()'><b>verifyUsersCanAbleToDeleteOrderDetailsFromListOrderTable</b><br>Test class: com.sevenRMartSuperMarketTestScripts.ManageOrdersTest<br>Parameters: admin, admin</td>
<td><div><pre>org.openqa.selenium.NoSuchElementException: no such element: Unable to locate element: {&quot;method&quot;:&quot;xpath&quot;,&quot;selector&quot;:&quot;//a[@href=&apos;https://groceryapp.uniqassosiates.com/admin/Order/delete?del=696&amp;page_ad=1&apos;]&quot;}
  (Session info: chrome=112.0.5615.138)
For documentation on this error, please visit: https://selenium.dev/exceptions/#no_such_element
Build info: version: &apos;4.8.3&apos;, revision: &apos;e5e76298c3&apos;
System info: os.name: &apos;Windows 10&apos;, os.arch: &apos;amd64&apos;, os.version: &apos;10.0&apos;, java.version: &apos;1.8.0_202&apos;
Driver info: org.openqa.selenium.chrome.ChromeDriver
Command: [6bab8ec03594a938a32bd151515545f1, findElement {using=xpath, value=//a[@href=&apos;https://groceryapp.uniqassosiates.com/admin/Order/delete?del=696&amp;page_ad=1&apos;]}]
Capabilities {acceptInsecureCerts: false, browserName: chrome, browserVersion: 112.0.5615.138, chrome: {chromedriverVersion: 112.0.5615.49 (bd2a7bcb881c..., userDataDir: C:\Users\SHALU\AppData\Loca...}, goog:chromeOptions: {debuggerAddress: localhost:62642}, networkConnectionEnabled: false, pageLoadStrategy: normal, platformName: WINDOWS, proxy: Proxy(), se:cdp: ws://localhost:62642/devtoo..., se:cdpVersion: 112.0.5615.138, setWindowRect: true, strictFileInteractability: false, timeouts: {implicit: 0, pageLoad: 300000, script: 30000}, unhandledPromptBehavior: dismiss and notify, webauthn:extension:credBlob: true, webauthn:extension:largeBlob: true, webauthn:extension:minPinLength: true, webauthn:extension:prf: true, webauthn:virtualAuthenticators: true}
Session ID: 6bab8ec03594a938a32bd151515545f1
	at org.openqa.selenium.remote.codec.w3c.W3CHttpResponseCodec.createException(W3CHttpResponseCodec.java:200)
	at org.openqa.selenium.remote.codec.w3c.W3CHttpResponseCodec.decode(W3CHttpResponseCodec.java:133)
	at org.openqa.selenium.remote.codec.w3c.W3CHttpResponseCodec.decode(W3CHttpResponseCodec.java:53)
	at org.openqa.selenium.remote.HttpCommandExecutor.execute(HttpCommandExecutor.java:193)
	at org.openqa.selenium.remote.service.DriverCommandExecutor.invokeExecute(DriverCommandExecutor.java:183)
	at org.openqa.selenium.remote.service.DriverCommandExecutor.execute(DriverCommandExecutor.java:158)
	at org.openqa.selenium.remote.RemoteWebDriver.execute(RemoteWebDriver.java:543)
	at org.openqa.selenium.remote.ElementLocation$ElementFinder$2.findElement(ElementLocation.java:162)
	at org.openqa.selenium.remote.ElementLocation.findElement(ElementLocation.java:60)
	at org.openqa.selenium.remote.RemoteWebDriver.findElement(RemoteWebDriver.java:352)
	at org.openqa.selenium.remote.RemoteWebDriver.findElement(RemoteWebDriver.java:344)
	at org.openqa.selenium.support.pagefactory.DefaultElementLocator.findElement(DefaultElementLocator.java:70)
	at org.openqa.selenium.support.pagefactory.internal.LocatingElementHandler.invoke(LocatingElementHandler.java:39)
	at com.sun.proxy.$Proxy14.click(Unknown Source)
	at com.sevenRMartSuperMarketPages.ManageOrdersPage.ClickOndeleteButtonOrderDetailsInListOrderTable(ManageOrdersPage.java:106)
	at com.sevenRMartSuperMarketTestScripts.ManageOrdersTest.verifyUsersCanAbleToDeleteOrderDetailsFromListOrderTable(ManageOrdersTest.java:68)
	at java.util.ArrayList.forEach(ArrayList.java:1257)
... Removed 35 stack frames</pre></div><a href='#' onClick='toggleBox("stack-trace568221863", this, "Click to show all stack frames", "Click to hide stack frames")'>Click to show all stack frames</a>
<div class='stack-trace' id='stack-trace568221863'><pre>org.openqa.selenium.NoSuchElementException: no such element: Unable to locate element: {&quot;method&quot;:&quot;xpath&quot;,&quot;selector&quot;:&quot;//a[@href=&apos;https://groceryapp.uniqassosiates.com/admin/Order/delete?del=696&amp;page_ad=1&apos;]&quot;}
  (Session info: chrome=112.0.5615.138)
For documentation on this error, please visit: https://selenium.dev/exceptions/#no_such_element
Build info: version: &apos;4.8.3&apos;, revision: &apos;e5e76298c3&apos;
System info: os.name: &apos;Windows 10&apos;, os.arch: &apos;amd64&apos;, os.version: &apos;10.0&apos;, java.version: &apos;1.8.0_202&apos;
Driver info: org.openqa.selenium.chrome.ChromeDriver
Command: [6bab8ec03594a938a32bd151515545f1, findElement {using=xpath, value=//a[@href=&apos;https://groceryapp.uniqassosiates.com/admin/Order/delete?del=696&amp;page_ad=1&apos;]}]
Capabilities {acceptInsecureCerts: false, browserName: chrome, browserVersion: 112.0.5615.138, chrome: {chromedriverVersion: 112.0.5615.49 (bd2a7bcb881c..., userDataDir: C:\Users\SHALU\AppData\Loca...}, goog:chromeOptions: {debuggerAddress: localhost:62642}, networkConnectionEnabled: false, pageLoadStrategy: normal, platformName: WINDOWS, proxy: Proxy(), se:cdp: ws://localhost:62642/devtoo..., se:cdpVersion: 112.0.5615.138, setWindowRect: true, strictFileInteractability: false, timeouts: {implicit: 0, pageLoad: 300000, script: 30000}, unhandledPromptBehavior: dismiss and notify, webauthn:extension:credBlob: true, webauthn:extension:largeBlob: true, webauthn:extension:minPinLength: true, webauthn:extension:prf: true, webauthn:virtualAuthenticators: true}
Session ID: 6bab8ec03594a938a32bd151515545f1
	at sun.reflect.NativeConstructorAccessorImpl.newInstance0(Native Method)
	at sun.reflect.NativeConstructorAccessorImpl.newInstance(NativeConstructorAccessorImpl.java:62)
	at sun.reflect.DelegatingConstructorAccessorImpl.newInstance(DelegatingConstructorAccessorImpl.java:45)
	at java.lang.reflect.Constructor.newInstance(Constructor.java:423)
	at org.openqa.selenium.remote.codec.w3c.W3CHttpResponseCodec.createException(W3CHttpResponseCodec.java:200)
	at org.openqa.selenium.remote.codec.w3c.W3CHttpResponseCodec.decode(W3CHttpResponseCodec.java:133)
	at org.openqa.selenium.remote.codec.w3c.W3CHttpResponseCodec.decode(W3CHttpResponseCodec.java:53)
	at org.openqa.selenium.remote.HttpCommandExecutor.execute(HttpCommandExecutor.java:193)
	at org.openqa.selenium.remote.service.DriverCommandExecutor.invokeExecute(DriverCommandExecutor.java:183)
	at org.openqa.selenium.remote.service.DriverCommandExecutor.execute(DriverCommandExecutor.java:158)
	at org.openqa.selenium.remote.RemoteWebDriver.execute(RemoteWebDriver.java:543)
	at org.openqa.selenium.remote.ElementLocation$ElementFinder$2.findElement(ElementLocation.java:162)
	at org.openqa.selenium.remote.ElementLocation.findElement(ElementLocation.java:60)
	at org.openqa.selenium.remote.RemoteWebDriver.findElement(RemoteWebDriver.java:352)
	at org.openqa.selenium.remote.RemoteWebDriver.findElement(RemoteWebDriver.java:344)
	at org.openqa.selenium.support.pagefactory.DefaultElementLocator.findElement(DefaultElementLocator.java:70)
	at org.openqa.selenium.support.pagefactory.internal.LocatingElementHandler.invoke(LocatingElementHandler.java:39)
	at com.sun.proxy.$Proxy14.click(Unknown Source)
	at com.sevenRMartSuperMarketPages.ManageOrdersPage.ClickOndeleteButtonOrderDetailsInListOrderTable(ManageOrdersPage.java:106)
	at com.sevenRMartSuperMarketTestScripts.ManageOrdersTest.verifyUsersCanAbleToDeleteOrderDetailsFromListOrderTable(ManageOrdersTest.java:68)
	at sun.reflect.NativeMethodAccessorImpl.invoke0(Native Method)
	at sun.reflect.NativeMethodAccessorImpl.invoke(NativeMethodAccessorImpl.java:62)
	at sun.reflect.DelegatingMethodAccessorImpl.invoke(DelegatingMethodAccessorImpl.java:43)
	at java.lang.reflect.Method.invoke(Method.java:498)
	at org.testng.internal.invokers.MethodInvocationHelper.invokeMethod(MethodInvocationHelper.java:135)
	at org.testng.internal.invokers.TestInvoker.invokeMethod(TestInvoker.java:673)
	at org.testng.internal.invokers.TestInvoker.invokeTestMethod(TestInvoker.java:220)
	at org.testng.internal.invokers.MethodRunner.runInSequence(MethodRunner.java:50)
	at org.testng.internal.invokers.TestInvoker$MethodInvocationAgent.invoke(TestInvoker.java:945)
	at org.testng.internal.invokers.TestInvoker.invokeTestMethods(TestInvoker.java:193)
	at org.testng.internal.invokers.TestMethodWorker.invokeTestMethods(TestMethodWorker.java:146)
	at org.testng.internal.invokers.TestMethodWorker.run(TestMethodWorker.java:128)
	at java.util.ArrayList.forEach(ArrayList.java:1257)
	at org.testng.TestRunner.privateRun(TestRunner.java:808)
	at org.testng.TestRunner.run(TestRunner.java:603)
	at org.testng.SuiteRunner.runTest(SuiteRunner.java:429)
	at org.testng.SuiteRunner.runSequentially(SuiteRunner.java:423)
	at org.testng.SuiteRunner.privateRun(SuiteRunner.java:383)
	at org.testng.SuiteRunner.run(SuiteRunner.java:326)
	at org.testng.SuiteRunnerWorker.runSuite(SuiteRunnerWorker.java:52)
	at org.testng.SuiteRunnerWorker.run(SuiteRunnerWorker.java:95)
	at org.testng.TestNG.runSuitesSequentially(TestNG.java:1249)
	at org.testng.TestNG.runSuitesLocally(TestNG.java:1169)
	at org.testng.TestNG.runSuites(TestNG.java:1092)
	at org.testng.TestNG.run(TestNG.java:1060)
	at org.apache.maven.surefire.testng.TestNGExecutor.run(TestNGExecutor.java:284)
	at org.apache.maven.surefire.testng.TestNGXmlTestSuite.execute(TestNGXmlTestSuite.java:75)
	at org.apache.maven.surefire.testng.TestNGProvider.invoke(TestNGProvider.java:119)
	at org.apache.maven.surefire.booter.ForkedBooter.runSuitesInProcess(ForkedBooter.java:428)
	at org.apache.maven.surefire.booter.ForkedBooter.execute(ForkedBooter.java:162)
	at org.apache.maven.surefire.booter.ForkedBooter.run(ForkedBooter.java:562)
	at org.apache.maven.surefire.booter.ForkedBooter.main(ForkedBooter.java:548)
</pre></div></td>
<td>2</td>
<td>com.sevenRMartSuperMarketTestScripts.ManageOrdersTest@7c417213</td></tr>
<tr>
<td title='com.sevenRMartSuperMarketTestScripts.ManageOfferCodeTest.verifyNewOfferCodeCanBeAddedByEnteringOfferInformation()'><b>verifyNewOfferCodeCanBeAddedByEnteringOfferInformation</b><br>Test class: com.sevenRMartSuperMarketTestScripts.ManageOfferCodeTest<br>Parameters: admin, admin</td>
<td><div><pre>org.openqa.selenium.NoSuchElementException: no such element: Unable to locate element: {&quot;method&quot;:&quot;xpath&quot;,&quot;selector&quot;:&quot;//div[contains(@class,&apos;alert-success &apos;)]&quot;}
  (Session info: chrome=112.0.5615.138)
For documentation on this error, please visit: https://selenium.dev/exceptions/#no_such_element
Build info: version: &apos;4.8.3&apos;, revision: &apos;e5e76298c3&apos;
System info: os.name: &apos;Windows 10&apos;, os.arch: &apos;amd64&apos;, os.version: &apos;10.0&apos;, java.version: &apos;1.8.0_202&apos;
Driver info: org.openqa.selenium.chrome.ChromeDriver
Command: [09ebb06386b669fac2f333e067202224, findElement {using=xpath, value=//div[contains(@class,&apos;alert-success &apos;)]}]
Capabilities {acceptInsecureCerts: false, browserName: chrome, browserVersion: 112.0.5615.138, chrome: {chromedriverVersion: 112.0.5615.49 (bd2a7bcb881c..., userDataDir: C:\Users\SHALU\AppData\Loca...}, goog:chromeOptions: {debuggerAddress: localhost:63895}, networkConnectionEnabled: false, pageLoadStrategy: normal, platformName: WINDOWS, proxy: Proxy(), se:cdp: ws://localhost:63895/devtoo..., se:cdpVersion: 112.0.5615.138, setWindowRect: true, strictFileInteractability: false, timeouts: {implicit: 0, pageLoad: 300000, script: 30000}, unhandledPromptBehavior: dismiss and notify, webauthn:extension:credBlob: true, webauthn:extension:largeBlob: true, webauthn:extension:minPinLength: true, webauthn:extension:prf: true, webauthn:virtualAuthenticators: true}
Session ID: 09ebb06386b669fac2f333e067202224
	at org.openqa.selenium.remote.codec.w3c.W3CHttpResponseCodec.createException(W3CHttpResponseCodec.java:200)
	at org.openqa.selenium.remote.codec.w3c.W3CHttpResponseCodec.decode(W3CHttpResponseCodec.java:133)
	at org.openqa.selenium.remote.codec.w3c.W3CHttpResponseCodec.decode(W3CHttpResponseCodec.java:53)
	at org.openqa.selenium.remote.HttpCommandExecutor.execute(HttpCommandExecutor.java:193)
	at org.openqa.selenium.remote.service.DriverCommandExecutor.invokeExecute(DriverCommandExecutor.java:183)
	at org.openqa.selenium.remote.service.DriverCommandExecutor.execute(DriverCommandExecutor.java:158)
	at org.openqa.selenium.remote.RemoteWebDriver.execute(RemoteWebDriver.java:543)
	at org.openqa.selenium.remote.ElementLocation$ElementFinder$2.findElement(ElementLocation.java:162)
	at org.openqa.selenium.remote.ElementLocation.findElement(ElementLocation.java:60)
	at org.openqa.selenium.remote.RemoteWebDriver.findElement(RemoteWebDriver.java:352)
	at org.openqa.selenium.remote.RemoteWebDriver.findElement(RemoteWebDriver.java:344)
	at org.openqa.selenium.support.pagefactory.DefaultElementLocator.findElement(DefaultElementLocator.java:70)
	at org.openqa.selenium.support.pagefactory.internal.LocatingElementHandler.invoke(LocatingElementHandler.java:39)
	at com.sun.proxy.$Proxy14.isDisplayed(Unknown Source)
	at Utilities.PageUtility.isElementDisplayed(PageUtility.java:85)
	at com.sevenRMartSuperMarketPages.ManageOfferCodePage.addNewOfferCode(ManageOfferCodePage.java:92)
	at com.sevenRMartSuperMarketTestScripts.ManageOfferCodeTest.verifyNewOfferCodeCanBeAddedByEnteringOfferInformation(ManageOfferCodeTest.java:43)
	at java.util.ArrayList.forEach(ArrayList.java:1257)
... Removed 35 stack frames</pre></div><a href='#' onClick='toggleBox("stack-trace1567719739", this, "Click to show all stack frames", "Click to hide stack frames")'>Click to show all stack frames</a>
<div class='stack-trace' id='stack-trace1567719739'><pre>org.openqa.selenium.NoSuchElementException: no such element: Unable to locate element: {&quot;method&quot;:&quot;xpath&quot;,&quot;selector&quot;:&quot;//div[contains(@class,&apos;alert-success &apos;)]&quot;}
  (Session info: chrome=112.0.5615.138)
For documentation on this error, please visit: https://selenium.dev/exceptions/#no_such_element
Build info: version: &apos;4.8.3&apos;, revision: &apos;e5e76298c3&apos;
System info: os.name: &apos;Windows 10&apos;, os.arch: &apos;amd64&apos;, os.version: &apos;10.0&apos;, java.version: &apos;1.8.0_202&apos;
Driver info: org.openqa.selenium.chrome.ChromeDriver
Command: [09ebb06386b669fac2f333e067202224, findElement {using=xpath, value=//div[contains(@class,&apos;alert-success &apos;)]}]
Capabilities {acceptInsecureCerts: false, browserName: chrome, browserVersion: 112.0.5615.138, chrome: {chromedriverVersion: 112.0.5615.49 (bd2a7bcb881c..., userDataDir: C:\Users\SHALU\AppData\Loca...}, goog:chromeOptions: {debuggerAddress: localhost:63895}, networkConnectionEnabled: false, pageLoadStrategy: normal, platformName: WINDOWS, proxy: Proxy(), se:cdp: ws://localhost:63895/devtoo..., se:cdpVersion: 112.0.5615.138, setWindowRect: true, strictFileInteractability: false, timeouts: {implicit: 0, pageLoad: 300000, script: 30000}, unhandledPromptBehavior: dismiss and notify, webauthn:extension:credBlob: true, webauthn:extension:largeBlob: true, webauthn:extension:minPinLength: true, webauthn:extension:prf: true, webauthn:virtualAuthenticators: true}
Session ID: 09ebb06386b669fac2f333e067202224
	at sun.reflect.NativeConstructorAccessorImpl.newInstance0(Native Method)
	at sun.reflect.NativeConstructorAccessorImpl.newInstance(NativeConstructorAccessorImpl.java:62)
	at sun.reflect.DelegatingConstructorAccessorImpl.newInstance(DelegatingConstructorAccessorImpl.java:45)
	at java.lang.reflect.Constructor.newInstance(Constructor.java:423)
	at org.openqa.selenium.remote.codec.w3c.W3CHttpResponseCodec.createException(W3CHttpResponseCodec.java:200)
	at org.openqa.selenium.remote.codec.w3c.W3CHttpResponseCodec.decode(W3CHttpResponseCodec.java:133)
	at org.openqa.selenium.remote.codec.w3c.W3CHttpResponseCodec.decode(W3CHttpResponseCodec.java:53)
	at org.openqa.selenium.remote.HttpCommandExecutor.execute(HttpCommandExecutor.java:193)
	at org.openqa.selenium.remote.service.DriverCommandExecutor.invokeExecute(DriverCommandExecutor.java:183)
	at org.openqa.selenium.remote.service.DriverCommandExecutor.execute(DriverCommandExecutor.java:158)
	at org.openqa.selenium.remote.RemoteWebDriver.execute(RemoteWebDriver.java:543)
	at org.openqa.selenium.remote.ElementLocation$ElementFinder$2.findElement(ElementLocation.java:162)
	at org.openqa.selenium.remote.ElementLocation.findElement(ElementLocation.java:60)
	at org.openqa.selenium.remote.RemoteWebDriver.findElement(RemoteWebDriver.java:352)
	at org.openqa.selenium.remote.RemoteWebDriver.findElement(RemoteWebDriver.java:344)
	at org.openqa.selenium.support.pagefactory.DefaultElementLocator.findElement(DefaultElementLocator.java:70)
	at org.openqa.selenium.support.pagefactory.internal.LocatingElementHandler.invoke(LocatingElementHandler.java:39)
	at com.sun.proxy.$Proxy14.isDisplayed(Unknown Source)
	at Utilities.PageUtility.isElementDisplayed(PageUtility.java:85)
	at com.sevenRMartSuperMarketPages.ManageOfferCodePage.addNewOfferCode(ManageOfferCodePage.java:92)
	at com.sevenRMartSuperMarketTestScripts.ManageOfferCodeTest.verifyNewOfferCodeCanBeAddedByEnteringOfferInformation(ManageOfferCodeTest.java:43)
	at sun.reflect.NativeMethodAccessorImpl.invoke0(Native Method)
	at sun.reflect.NativeMethodAccessorImpl.invoke(NativeMethodAccessorImpl.java:62)
	at sun.reflect.DelegatingMethodAccessorImpl.invoke(DelegatingMethodAccessorImpl.java:43)
	at java.lang.reflect.Method.invoke(Method.java:498)
	at org.testng.internal.invokers.MethodInvocationHelper.invokeMethod(MethodInvocationHelper.java:135)
	at org.testng.internal.invokers.TestInvoker.invokeMethod(TestInvoker.java:673)
	at org.testng.internal.invokers.TestInvoker.invokeTestMethod(TestInvoker.java:220)
	at org.testng.internal.invokers.MethodRunner.runInSequence(MethodRunner.java:50)
	at org.testng.internal.invokers.TestInvoker$MethodInvocationAgent.invoke(TestInvoker.java:945)
	at org.testng.internal.invokers.TestInvoker.invokeTestMethods(TestInvoker.java:193)
	at org.testng.internal.invokers.TestMethodWorker.invokeTestMethods(TestMethodWorker.java:146)
	at org.testng.internal.invokers.TestMethodWorker.run(TestMethodWorker.java:128)
	at java.util.ArrayList.forEach(ArrayList.java:1257)
	at org.testng.TestRunner.privateRun(TestRunner.java:808)
	at org.testng.TestRunner.run(TestRunner.java:603)
	at org.testng.SuiteRunner.runTest(SuiteRunner.java:429)
	at org.testng.SuiteRunner.runSequentially(SuiteRunner.java:423)
	at org.testng.SuiteRunner.privateRun(SuiteRunner.java:383)
	at org.testng.SuiteRunner.run(SuiteRunner.java:326)
	at org.testng.SuiteRunnerWorker.runSuite(SuiteRunnerWorker.java:52)
	at org.testng.SuiteRunnerWorker.run(SuiteRunnerWorker.java:95)
	at org.testng.TestNG.runSuitesSequentially(TestNG.java:1249)
	at org.testng.TestNG.runSuitesLocally(TestNG.java:1169)
	at org.testng.TestNG.runSuites(TestNG.java:1092)
	at org.testng.TestNG.run(TestNG.java:1060)
	at org.apache.maven.surefire.testng.TestNGExecutor.run(TestNGExecutor.java:284)
	at org.apache.maven.surefire.testng.TestNGXmlTestSuite.execute(TestNGXmlTestSuite.java:75)
	at org.apache.maven.surefire.testng.TestNGProvider.invoke(TestNGProvider.java:119)
	at org.apache.maven.surefire.booter.ForkedBooter.runSuitesInProcess(ForkedBooter.java:428)
	at org.apache.maven.surefire.booter.ForkedBooter.execute(ForkedBooter.java:162)
	at org.apache.maven.surefire.booter.ForkedBooter.run(ForkedBooter.java:562)
	at org.apache.maven.surefire.booter.ForkedBooter.main(ForkedBooter.java:548)
</pre></div></td>
<td>4</td>
<td>com.sevenRMartSuperMarketTestScripts.ManageOfferCodeTest@19d37183</td></tr>
<tr>
<td title='com.sevenRMartSuperMarketTestScripts.ManagePagesTest.serachPageIsPresentInListPagesTable()'><b>serachPageIsPresentInListPagesTable</b><br>Test class: com.sevenRMartSuperMarketTestScripts.ManagePagesTest<br>Parameters: admin, admin</td>
<td><div><pre>org.openqa.selenium.ElementNotInteractableException: element not interactable
  (Session info: chrome=112.0.5615.138)
Build info: version: &apos;4.8.3&apos;, revision: &apos;e5e76298c3&apos;
System info: os.name: &apos;Windows 10&apos;, os.arch: &apos;amd64&apos;, os.version: &apos;10.0&apos;, java.version: &apos;1.8.0_202&apos;
Driver info: org.openqa.selenium.chrome.ChromeDriver
Command: [12181ceebeb17b9ee551c50a0c71df26, clickElement {id=01e8e323-3bae-4d49-9bff-8640ea0202b0}]
Capabilities {acceptInsecureCerts: false, browserName: chrome, browserVersion: 112.0.5615.138, chrome: {chromedriverVersion: 112.0.5615.49 (bd2a7bcb881c..., userDataDir: C:\Users\SHALU\AppData\Loca...}, goog:chromeOptions: {debuggerAddress: localhost:63968}, networkConnectionEnabled: false, pageLoadStrategy: normal, platformName: WINDOWS, proxy: Proxy(), se:cdp: ws://localhost:63968/devtoo..., se:cdpVersion: 112.0.5615.138, setWindowRect: true, strictFileInteractability: false, timeouts: {implicit: 0, pageLoad: 300000, script: 30000}, unhandledPromptBehavior: dismiss and notify, webauthn:extension:credBlob: true, webauthn:extension:largeBlob: true, webauthn:extension:minPinLength: true, webauthn:extension:prf: true, webauthn:virtualAuthenticators: true}
Element: [[ChromeDriver: chrome on WINDOWS (12181ceebeb17b9ee551c50a0c71df26)] -&gt; xpath: //a[@href=&apos;https://groceryapp.uniqassosiates.com/admin/list-page&apos;]]
Session ID: 12181ceebeb17b9ee551c50a0c71df26
	at org.openqa.selenium.remote.codec.w3c.W3CHttpResponseCodec.createException(W3CHttpResponseCodec.java:200)
	at org.openqa.selenium.remote.codec.w3c.W3CHttpResponseCodec.decode(W3CHttpResponseCodec.java:133)
	at org.openqa.selenium.remote.codec.w3c.W3CHttpResponseCodec.decode(W3CHttpResponseCodec.java:53)
	at org.openqa.selenium.remote.HttpCommandExecutor.execute(HttpCommandExecutor.java:193)
	at org.openqa.selenium.remote.service.DriverCommandExecutor.invokeExecute(DriverCommandExecutor.java:183)
	at org.openqa.selenium.remote.service.DriverCommandExecutor.execute(DriverCommandExecutor.java:158)
	at org.openqa.selenium.remote.RemoteWebDriver.execute(RemoteWebDriver.java:543)
	at org.openqa.selenium.remote.RemoteWebElement.execute(RemoteWebElement.java:257)
	at org.openqa.selenium.remote.RemoteWebElement.click(RemoteWebElement.java:78)
	at org.openqa.selenium.support.pagefactory.internal.LocatingElementHandler.invoke(LocatingElementHandler.java:52)
	at com.sun.proxy.$Proxy14.click(Unknown Source)
	at com.sevenRMartSuperMarketPages.ManagePagesPage.clickOnMoreInfo(ManagePagesPage.java:30)
	at com.sevenRMartSuperMarketTestScripts.ManagePagesTest.serachPageIsPresentInListPagesTable(ManagePagesTest.java:28)
	at java.util.ArrayList.forEach(ArrayList.java:1257)
... Removed 38 stack frames</pre></div><a href='#' onClick='toggleBox("stack-trace2040657244", this, "Click to show all stack frames", "Click to hide stack frames")'>Click to show all stack frames</a>
<div class='stack-trace' id='stack-trace2040657244'><pre>org.openqa.selenium.ElementNotInteractableException: element not interactable
  (Session info: chrome=112.0.5615.138)
Build info: version: &apos;4.8.3&apos;, revision: &apos;e5e76298c3&apos;
System info: os.name: &apos;Windows 10&apos;, os.arch: &apos;amd64&apos;, os.version: &apos;10.0&apos;, java.version: &apos;1.8.0_202&apos;
Driver info: org.openqa.selenium.chrome.ChromeDriver
Command: [12181ceebeb17b9ee551c50a0c71df26, clickElement {id=01e8e323-3bae-4d49-9bff-8640ea0202b0}]
Capabilities {acceptInsecureCerts: false, browserName: chrome, browserVersion: 112.0.5615.138, chrome: {chromedriverVersion: 112.0.5615.49 (bd2a7bcb881c..., userDataDir: C:\Users\SHALU\AppData\Loca...}, goog:chromeOptions: {debuggerAddress: localhost:63968}, networkConnectionEnabled: false, pageLoadStrategy: normal, platformName: WINDOWS, proxy: Proxy(), se:cdp: ws://localhost:63968/devtoo..., se:cdpVersion: 112.0.5615.138, setWindowRect: true, strictFileInteractability: false, timeouts: {implicit: 0, pageLoad: 300000, script: 30000}, unhandledPromptBehavior: dismiss and notify, webauthn:extension:credBlob: true, webauthn:extension:largeBlob: true, webauthn:extension:minPinLength: true, webauthn:extension:prf: true, webauthn:virtualAuthenticators: true}
Element: [[ChromeDriver: chrome on WINDOWS (12181ceebeb17b9ee551c50a0c71df26)] -&gt; xpath: //a[@href=&apos;https://groceryapp.uniqassosiates.com/admin/list-page&apos;]]
Session ID: 12181ceebeb17b9ee551c50a0c71df26
	at sun.reflect.NativeConstructorAccessorImpl.newInstance0(Native Method)
	at sun.reflect.NativeConstructorAccessorImpl.newInstance(NativeConstructorAccessorImpl.java:62)
	at sun.reflect.DelegatingConstructorAccessorImpl.newInstance(DelegatingConstructorAccessorImpl.java:45)
	at java.lang.reflect.Constructor.newInstance(Constructor.java:423)
	at org.openqa.selenium.remote.codec.w3c.W3CHttpResponseCodec.createException(W3CHttpResponseCodec.java:200)
	at org.openqa.selenium.remote.codec.w3c.W3CHttpResponseCodec.decode(W3CHttpResponseCodec.java:133)
	at org.openqa.selenium.remote.codec.w3c.W3CHttpResponseCodec.decode(W3CHttpResponseCodec.java:53)
	at org.openqa.selenium.remote.HttpCommandExecutor.execute(HttpCommandExecutor.java:193)
	at org.openqa.selenium.remote.service.DriverCommandExecutor.invokeExecute(DriverCommandExecutor.java:183)
	at org.openqa.selenium.remote.service.DriverCommandExecutor.execute(DriverCommandExecutor.java:158)
	at org.openqa.selenium.remote.RemoteWebDriver.execute(RemoteWebDriver.java:543)
	at org.openqa.selenium.remote.RemoteWebElement.execute(RemoteWebElement.java:257)
	at org.openqa.selenium.remote.RemoteWebElement.click(RemoteWebElement.java:78)
	at sun.reflect.GeneratedMethodAccessor2.invoke(Unknown Source)
	at sun.reflect.DelegatingMethodAccessorImpl.invoke(DelegatingMethodAccessorImpl.java:43)
	at java.lang.reflect.Method.invoke(Method.java:498)
	at org.openqa.selenium.support.pagefactory.internal.LocatingElementHandler.invoke(LocatingElementHandler.java:52)
	at com.sun.proxy.$Proxy14.click(Unknown Source)
	at com.sevenRMartSuperMarketPages.ManagePagesPage.clickOnMoreInfo(ManagePagesPage.java:30)
	at com.sevenRMartSuperMarketTestScripts.ManagePagesTest.serachPageIsPresentInListPagesTable(ManagePagesTest.java:28)
	at sun.reflect.NativeMethodAccessorImpl.invoke0(Native Method)
	at sun.reflect.NativeMethodAccessorImpl.invoke(NativeMethodAccessorImpl.java:62)
	at sun.reflect.DelegatingMethodAccessorImpl.invoke(DelegatingMethodAccessorImpl.java:43)
	at java.lang.reflect.Method.invoke(Method.java:498)
	at org.testng.internal.invokers.MethodInvocationHelper.invokeMethod(MethodInvocationHelper.java:135)
	at org.testng.internal.invokers.TestInvoker.invokeMethod(TestInvoker.java:673)
	at org.testng.internal.invokers.TestInvoker.invokeTestMethod(TestInvoker.java:220)
	at org.testng.internal.invokers.MethodRunner.runInSequence(MethodRunner.java:50)
	at org.testng.internal.invokers.TestInvoker$MethodInvocationAgent.invoke(TestInvoker.java:945)
	at org.testng.internal.invokers.TestInvoker.invokeTestMethods(TestInvoker.java:193)
	at org.testng.internal.invokers.TestMethodWorker.invokeTestMethods(TestMethodWorker.java:146)
	at org.testng.internal.invokers.TestMethodWorker.run(TestMethodWorker.java:128)
	at java.util.ArrayList.forEach(ArrayList.java:1257)
	at org.testng.TestRunner.privateRun(TestRunner.java:808)
	at org.testng.TestRunner.run(TestRunner.java:603)
	at org.testng.SuiteRunner.runTest(SuiteRunner.java:429)
	at org.testng.SuiteRunner.runSequentially(SuiteRunner.java:423)
	at org.testng.SuiteRunner.privateRun(SuiteRunner.java:383)
	at org.testng.SuiteRunner.run(SuiteRunner.java:326)
	at org.testng.SuiteRunnerWorker.runSuite(SuiteRunnerWorker.java:52)
	at org.testng.SuiteRunnerWorker.run(SuiteRunnerWorker.java:95)
	at org.testng.TestNG.runSuitesSequentially(TestNG.java:1249)
	at org.testng.TestNG.runSuitesLocally(TestNG.java:1169)
	at org.testng.TestNG.runSuites(TestNG.java:1092)
	at org.testng.TestNG.run(TestNG.java:1060)
	at org.apache.maven.surefire.testng.TestNGExecutor.run(TestNGExecutor.java:284)
	at org.apache.maven.surefire.testng.TestNGXmlTestSuite.execute(TestNGXmlTestSuite.java:75)
	at org.apache.maven.surefire.testng.TestNGProvider.invoke(TestNGProvider.java:119)
	at org.apache.maven.surefire.booter.ForkedBooter.runSuitesInProcess(ForkedBooter.java:428)
	at org.apache.maven.surefire.booter.ForkedBooter.execute(ForkedBooter.java:162)
	at org.apache.maven.surefire.booter.ForkedBooter.run(ForkedBooter.java:562)
	at org.apache.maven.surefire.booter.ForkedBooter.main(ForkedBooter.java:548)
</pre></div></td>
<td>1</td>
<td>com.sevenRMartSuperMarketTestScripts.ManagePagesTest@1a0dcaa</td></tr>
</table><p>
<table width='100%' border='1' class='invocation-passed'>
<tr><td colspan='4' align='center'><b>PASSED TESTS</b></td></tr>
<tr><td><b>Test method</b></td>
<td width="30%"><b>Exception</b></td>
<td width="10%"><b>Time (seconds)</b></td>
<td><b>Instance</b></td>
</tr>
<tr>
<td title='com.sevenRMartSuperMarketTestScripts.ManagePaymentMethodsTest.managePaymentMethodsAction()'><b>managePaymentMethodsAction</b><br>Test class: com.sevenRMartSuperMarketTestScripts.ManagePaymentMethodsTest<br>Parameters: admin, admin</td>
<td></td>
<td>3</td>
<td>com.sevenRMartSuperMarketTestScripts.ManagePaymentMethodsTest@45dd4eda</td></tr>
<tr>
<td title='com.sevenRMartSuperMarketTestScripts.LoginTest.loginWithInValidCredentials()'><b>loginWithInValidCredentials</b><br>Test class: com.sevenRMartSuperMarketTestScripts.LoginTest<br>Parameters: Admin, adminnew</td>
<td></td>
<td>2</td>
<td>com.sevenRMartSuperMarketTestScripts.LoginTest@5e4c8041</td></tr>
<tr>
<td title='com.sevenRMartSuperMarketTestScripts.ManageOrdersTest.verifydeliveryBoyIsAssignedForEverOrderCanBeUpdtedInListOrderTable()'><b>verifydeliveryBoyIsAssignedForEverOrderCanBeUpdtedInListOrderTable</b><br>Test class: com.sevenRMartSuperMarketTestScripts.ManageOrdersTest<br>Parameters: admin, admin</td>
<td></td>
<td>3</td>
<td>com.sevenRMartSuperMarketTestScripts.ManageOrdersTest@7c417213</td></tr>
<tr>
<td title='com.sevenRMartSuperMarketTestScripts.ManageUsersTest.searchUsersInManageUsers()'><b>searchUsersInManageUsers</b><br>Test class: com.sevenRMartSuperMarketTestScripts.ManageUsersTest</td>
<td></td>
<td>3</td>
<td>com.sevenRMartSuperMarketTestScripts.ManageUsersTest@60611244</td></tr>
<tr>
<td title='com.sevenRMartSuperMarketTestScripts.ManageSliderTest.deleteSliderFromListSliderTable()'><b>deleteSliderFromListSliderTable</b><br>Test class: com.sevenRMartSuperMarketTestScripts.ManageSliderTest<br>Parameters: admin, admin</td>
<td></td>
<td>2</td>
<td>com.sevenRMartSuperMarketTestScripts.ManageSliderTest@15761df8</td></tr>
<tr>
<td title='com.sevenRMartSuperMarketTestScripts.ManageProductsTest.manageProductsAddProductTypeRadioButton()'><b>manageProductsAddProductTypeRadioButton</b><br>Test class: com.sevenRMartSuperMarketTestScripts.ManageProductsTest<br>Parameters: admin, admin</td>
<td></td>
<td>4</td>
<td>com.sevenRMartSuperMarketTestScripts.ManageProductsTest@327b636c</td></tr>
<tr>
<td title='com.sevenRMartSuperMarketTestScripts.LoginTest.loginWithValidCredentials()'><b>loginWithValidCredentials</b><br>Test class: com.sevenRMartSuperMarketTestScripts.LoginTest<br>Parameters: admin, admin</td>
<td></td>
<td>1</td>
<td>com.sevenRMartSuperMarketTestScripts.LoginTest@5e4c8041</td></tr>
<tr>
<td title='com.sevenRMartSuperMarketTestScripts.ManageSliderTest.addNewSliderInListSliderTable()'><b>addNewSliderInListSliderTable</b><br>Test class: com.sevenRMartSuperMarketTestScripts.ManageSliderTest<br>Parameters: admin, admin</td>
<td></td>
<td>3</td>
<td>com.sevenRMartSuperMarketTestScripts.ManageSliderTest@15761df8</td></tr>
<tr>
<td title='com.sevenRMartSuperMarketTestScripts.ManageOrdersTest.verifyUsersCanViewOrderDetailsInManageOrdersPageByClickingViewInListOrdersTable()'><b>verifyUsersCanViewOrderDetailsInManageOrdersPageByClickingViewInListOrdersTable</b><br>Test class: com.sevenRMartSuperMarketTestScripts.ManageOrdersTest<br>Parameters: admin, admin</td>
<td></td>
<td>2</td>
<td>com.sevenRMartSuperMarketTestScripts.ManageOrdersTest@7c417213</td></tr>
<tr>
<td title='com.sevenRMartSuperMarketTestScripts.ManageProductsTest.manageProductsfaker()'><b>manageProductsfaker</b><br>Test class: com.sevenRMartSuperMarketTestScripts.ManageProductsTest<br>Parameters: admin, admin</td>
<td></td>
<td>3</td>
<td>com.sevenRMartSuperMarketTestScripts.ManageProductsTest@327b636c</td></tr>
<tr>
<td title='com.sevenRMartSuperMarketTestScripts.LoginTest.loginWithInValidCredentials()'><b>loginWithInValidCredentials</b><br>Test class: com.sevenRMartSuperMarketTestScripts.LoginTest<br>Parameters: admin, admin123</td>
<td></td>
<td>0</td>
<td>com.sevenRMartSuperMarketTestScripts.LoginTest@5e4c8041</td></tr>
<tr>
<td title='com.sevenRMartSuperMarketTestScripts.SiteNameTest.getFontsizeOfsiteName()'><b>getFontsizeOfsiteName</b><br>Test class: com.sevenRMartSuperMarketTestScripts.SiteNameTest<br>Parameters: admin, admin</td>
<td></td>
<td>1</td>
<td>com.sevenRMartSuperMarketTestScripts.SiteNameTest@3745e5c6</td></tr>
<tr>
<td title='com.sevenRMartSuperMarketTestScripts.PushNotificationsTest.verifyAnAlertMessageIsSendByEnteringTitleAndDescriptionAndClickSend()'><b>verifyAnAlertMessageIsSendByEnteringTitleAndDescriptionAndClickSend</b><br>Test class: com.sevenRMartSuperMarketTestScripts.PushNotificationsTest<br>Parameters: admin, admin</td>
<td></td>
<td>4</td>
<td>com.sevenRMartSuperMarketTestScripts.PushNotificationsTest@71c8becc</td></tr>
<tr>
<td title='com.sevenRMartSuperMarketTestScripts.ManageSliderTest.addNewSlideraddedIsDispalyedInListSliderTable()'><b>addNewSlideraddedIsDispalyedInListSliderTable</b><br>Test class: com.sevenRMartSuperMarketTestScripts.ManageSliderTest<br>Parameters: admin, admin</td>
<td></td>
<td>1</td>
<td>com.sevenRMartSuperMarketTestScripts.ManageSliderTest@15761df8</td></tr>
<tr>
<td title='com.sevenRMartSuperMarketTestScripts.HomePageTest.getStylePropertyColorOfMoreInfoInHomePage()'><b>getStylePropertyColorOfMoreInfoInHomePage</b><br>Test class: com.sevenRMartSuperMarketTestScripts.HomePageTest<br>Parameters: admin, admin</td>
<td></td>
<td>1</td>
<td>com.sevenRMartSuperMarketTestScripts.HomePageTest@2d9d4f9d</td></tr>
<tr>
<td title='com.sevenRMartSuperMarketTestScripts.ManagePaymentMethodsTest.navigateBackToManagePayment()'><b>navigateBackToManagePayment</b><br>Test class: com.sevenRMartSuperMarketTestScripts.ManagePaymentMethodsTest<br>Parameters: admin, admin</td>
<td></td>
<td>3</td>
<td>com.sevenRMartSuperMarketTestScripts.ManagePaymentMethodsTest@45dd4eda</td></tr>
<tr>
<td title='com.sevenRMartSuperMarketTestScripts.VerifyUsersTest.verifyUsers()'><b>verifyUsers</b><br>Test class: com.sevenRMartSuperMarketTestScripts.VerifyUsersTest<br>Parameters: admin, admin</td>
<td></td>
<td>2</td>
<td>com.sevenRMartSuperMarketTestScripts.VerifyUsersTest@6ab7a896</td></tr>
<tr>
<td title='com.sevenRMartSuperMarketTestScripts.LoginTest.loginWithInValidCredentials()'><b>loginWithInValidCredentials</b><br>Test class: com.sevenRMartSuperMarketTestScripts.LoginTest<br>Parameters: admin1, admin</td>
<td></td>
<td>1</td>
<td>com.sevenRMartSuperMarketTestScripts.LoginTest@5e4c8041</td></tr>
<tr>
<td title='com.sevenRMartSuperMarketTestScripts.ManageUsersTest.manageUsersResetButtonBorderColor()'><b>manageUsersResetButtonBorderColor</b><br>Test class: com.sevenRMartSuperMarketTestScripts.ManageUsersTest</td>
<td></td>
<td>2</td>
<td>com.sevenRMartSuperMarketTestScripts.ManageUsersTest@60611244</td></tr>
<tr>
<td title='com.sevenRMartSuperMarketTestScripts.ManageOrdersTest.verifyChangeStausUpdatedIsUpdatedInListOrderTable()'><b>verifyChangeStausUpdatedIsUpdatedInListOrderTable</b><br>Test class: com.sevenRMartSuperMarketTestScripts.ManageOrdersTest<br>Parameters: admin, admin</td>
<td></td>
<td>2</td>
<td>com.sevenRMartSuperMarketTestScripts.ManageOrdersTest@7c417213</td></tr>
<tr>
<td title='com.sevenRMartSuperMarketTestScripts.AdminUsersTest.searchAdminUsersInAdminUsersPage()'><b>searchAdminUsersInAdminUsersPage</b><br>Test class: com.sevenRMartSuperMarketTestScripts.AdminUsersTest<br>Parameters: admin, admin</td>
<td></td>
<td>1</td>
<td>com.sevenRMartSuperMarketTestScripts.AdminUsersTest@6107227e</td></tr>
<tr>
<td title='com.sevenRMartSuperMarketTestScripts.SiteNameTest.siteName()'><b>siteName</b><br>Test class: com.sevenRMartSuperMarketTestScripts.SiteNameTest<br>Parameters: admin, admin</td>
<td></td>
<td>1</td>
<td>com.sevenRMartSuperMarketTestScripts.SiteNameTest@3745e5c6</td></tr>
<tr>
<td title='com.sevenRMartSuperMarketTestScripts.AdminUsersTest.VerifyNewAdminUserCanBeAddedInAdminUsersPage()'><b>VerifyNewAdminUserCanBeAddedInAdminUsersPage</b><br>Test class: com.sevenRMartSuperMarketTestScripts.AdminUsersTest<br>Parameters: admin, admin</td>
<td></td>
<td>3</td>
<td>com.sevenRMartSuperMarketTestScripts.AdminUsersTest@6107227e</td></tr>
<tr>
<td title='com.sevenRMartSuperMarketTestScripts.ManageOfferCodeTest.verifyNewOfferCodeAddedIsDisplayedInListOfferCodeTable()'><b>verifyNewOfferCodeAddedIsDisplayedInListOfferCodeTable</b><br>Test class: com.sevenRMartSuperMarketTestScripts.ManageOfferCodeTest<br>Parameters: admin, admin</td>
<td></td>
<td>2</td>
<td>com.sevenRMartSuperMarketTestScripts.ManageOfferCodeTest@19d37183</td></tr>
<tr>
<td title='com.sevenRMartSuperMarketTestScripts.ManagePaymentMethodsTest.managePaymentMethodsType()'><b>managePaymentMethodsType</b><br>Test class: com.sevenRMartSuperMarketTestScripts.ManagePaymentMethodsTest<br>Parameters: admin, admin</td>
<td></td>
<td>2</td>
<td>com.sevenRMartSuperMarketTestScripts.ManagePaymentMethodsTest@45dd4eda</td></tr>
<tr>
<td title='com.sevenRMartSuperMarketTestScripts.ManageUsersTest.manageUsersSearchButtonBackGround()'><b>manageUsersSearchButtonBackGround</b><br>Test class: com.sevenRMartSuperMarketTestScripts.ManageUsersTest</td>
<td></td>
<td>2</td>
<td>com.sevenRMartSuperMarketTestScripts.ManageUsersTest@60611244</td></tr>
</table><p>
</body>
</html>